============================= test session starts =============================
platform win32 -- Python 3.12.10, pytest-9.1.1, pluggy-1.6.0 -- C:\Users\n\AppData\Local\Programs\Python\Python312\python.exe
cachedir: .pytest_cache
rootdir: C:\Users\n\Claud_work\ai-dev-council\output\sedori-app
plugins: anyio-4.14.1
collecting ... collected 72 items

tests/test_app.py::TestCalculateProfit::test_basic_case PASSED           [  1%]
tests/test_app.py::TestCalculateProfit::test_zero_fee_and_shipping PASSED [  2%]
tests/test_app.py::TestCalculateProfit::test_high_fee_rate PASSED        [  4%]
tests/test_app.py::TestCalculateProfit::test_negative_profit_case PASSED [  5%]
tests/test_app.py::TestCalculateProfit::test_hundred_percent_fee_rate PASSED [  6%]
tests/test_app.py::TestCalculateProfit::test_decimal_values PASSED       [  8%]
tests/test_app.py::TestProductFlow::test_index_page_loads PASSED         [  9%]
tests/test_app.py::TestProductFlow::test_create_product_success_redirects_to_list PASSED [ 11%]
tests/test_app.py::TestProductFlow::test_created_product_appears_in_list PASSED [ 12%]
tests/test_app.py::TestProductFlow::test_created_product_has_correct_profit_stored PASSED [ 13%]
tests/test_app.py::TestProductFlow::test_delete_product_removes_it_from_list PASSED [ 15%]
tests/test_app.py::TestProductFlow::test_empty_list_shows_message PASSED [ 16%]
tests/test_app.py::TestValidationErrors::test_negative_purchase_price_rejected PASSED [ 18%]
tests/test_app.py::TestValidationErrors::test_negative_shipping_cost_rejected PASSED [ 19%]
tests/test_app.py::TestValidationErrors::test_zero_or_negative_selling_price_rejected PASSED [ 20%]
tests/test_app.py::TestValidationErrors::test_empty_name_rejected PASSED [ 22%]
tests/test_app.py::TestValidationErrors::test_empty_jan_code_rejected PASSED [ 23%]
tests/test_app.py::TestValidationErrors::test_non_numeric_jan_code_rejected PASSED [ 25%]
tests/test_app.py::TestValidationErrors::test_wrong_length_jan_code_rejected PASSED [ 26%]
tests/test_app.py::TestValidationErrors::test_fee_rate_over_100_rejected PASSED [ 27%]
tests/test_app.py::TestValidationErrors::test_fee_rate_negative_rejected PASSED [ 29%]
tests/test_app.py::TestValidationErrors::test_non_numeric_price_rejected PASSED [ 30%]
tests/test_app.py::TestValidationErrors::test_valid_boundary_jan_8_digits_accepted PASSED [ 31%]
tests/test_app.py::TestValidationErrors::test_valid_boundary_jan_13_digits_accepted PASSED [ 33%]
tests/test_app.py::TestValidationErrors::test_api_calculate_rejects_negative_values PASSED [ 34%]
tests/test_app.py::TestValidationErrors::test_api_calculate_valid_returns_profit PASSED [ 36%]
tests/test_app.py::TestSettingsReflection::test_settings_page_loads PASSED [ 37%]
tests/test_app.py::TestSettingsReflection::test_settings_update_changes_index_defaults PASSED [ 38%]
tests/test_app.py::TestSettingsReflection::test_settings_reflected_on_settings_page PASSED [ 40%]
tests/test_app.py::TestSettingsReflection::test_settings_negative_fee_rate_rejected PASSED [ 41%]
tests/test_app.py::TestSettingsReflection::test_settings_fee_rate_over_100_rejected PASSED [ 43%]
tests/test_app.py::TestSettingsReflection::test_settings_negative_shipping_cost_rejected PASSED [ 44%]
tests/test_app.py::TestSettingsReflection::test_disclaimer_and_kobutsu_notice_shown_on_settings PASSED [ 45%]
tests/test_app.py::TestSettingsReflection::test_disclaimer_shown_on_index PASSED [ 47%]
tests/test_app.py::TestEcSearchLinks::test_manual_price_source_never_fetches_price PASSED [ 48%]
tests/test_app.py::TestEcSearchLinks::test_search_links_format PASSED    [ 50%]
tests/test_app.py::TestEcSearchLinks::test_index_page_contains_ec_search_links PASSED [ 51%]
tests/test_app.py::TestEcSearchLinks::test_no_scraping_module_imported PASSED [ 52%]
tests/test_app.py::TestApiIdentify::test_returns_candidates_from_identifier PASSED [ 54%]
tests/test_app.py::TestApiIdentify::test_returns_503_when_api_key_missing PASSED [ 55%]
tests/test_app.py::TestApiIdentify::test_returns_400_when_no_photo PASSED [ 56%]
tests/test_app.py::TestApiIdentify::test_returns_400_for_unsupported_media_type PASSED [ 58%]
tests/test_app.py::TestApiIdentify::test_returns_502_when_identify_fails PASSED [ 59%]
tests/test_app.py::TestParseCandidates::test_parses_plain_json_array PASSED [ 61%]
tests/test_app.py::TestParseCandidates::test_extracts_json_from_surrounding_text PASSED [ 62%]
tests/test_app.py::TestParseCandidates::test_caps_at_three_candidates PASSED [ 63%]
tests/test_app.py::TestParseCandidates::test_returns_empty_for_garbage PASSED [ 65%]
tests/test_app.py::TestParseCandidates::test_default_identifier_disabled_without_api_key PASSED [ 66%]
tests/test_app.py::TestSummarizePrices::test_empty_list_returns_none PASSED [ 68%]
tests/test_app.py::TestSummarizePrices::test_odd_count_median_is_middle_value PASSED [ 69%]
tests/test_app.py::TestSummarizePrices::test_even_count_median_is_average_of_middle_two PASSED [ 70%]
tests/test_app.py::TestPriceInfo::test_to_dict_includes_item_name_and_url PASSED [ 72%]
tests/test_app.py::TestPriceInfo::test_to_dict_defaults_are_empty_strings PASSED [ 73%]
tests/test_app.py::TestRakutenThrottle::test_wait_sleeps_when_called_within_min_interval PASSED [ 75%]
tests/test_app.py::TestRakutenThrottle::test_wait_does_not_sleep_when_interval_already_elapsed PASSED [ 76%]
tests/test_app.py::TestGetPriceComparisonSource::test_returns_disabled_source_without_app_id PASSED [ 77%]
tests/test_app.py::TestGetPriceComparisonSource::test_returns_rakuten_source_with_app_id PASSED [ 79%]
tests/test_app.py::TestGetPriceComparisonSource::test_disabled_source_app_body_still_works PASSED [ 80%]
tests/test_app.py::TestRakutenPriceSourceFetchPrices::test_fetch_prices_parses_items PASSED [ 81%]
tests/test_app.py::TestRakutenPriceSourceFetchPrices::test_fetch_prices_raises_on_network_error PASSED [ 83%]
tests/test_app.py::TestRakutenPriceSourceFetchPrices::test_fetch_prices_raises_when_app_id_missing PASSED [ 84%]
tests/test_app.py::TestApiPrices::test_returns_prices_lowest_and_median PASSED [ 86%]
tests/test_app.py::TestApiPrices::test_returns_503_when_disabled PASSED  [ 87%]
tests/test_app.py::TestApiPrices::test_returns_400_when_jan_missing PASSED [ 88%]
tests/test_app.py::TestApiPrices::test_returns_502_and_error_message_on_fetch_failure PASSED [ 90%]
tests/test_app.py::TestApiPrices::test_no_products_found_returns_empty_summary PASSED [ 91%]
tests/test_app.py::TestIndexPricingComparisonUi::test_index_shows_disabled_messages_without_api_keys PASSED [ 93%]
tests/test_app.py::TestIndexPricingComparisonUi::test_index_enables_rakuten_when_app_id_set PASSED [ 94%]
tests/test_app.py::TestIndexPricingComparisonUi::test_index_passes_yahoo_client_id_to_js_when_set PASSED [ 95%]
tests/test_app.py::TestIndexPricingComparisonUi::test_price_comparison_disclaimer_shown_on_index PASSED [ 97%]
tests/test_app.py::TestIndexPricingComparisonUi::test_app_body_works_without_price_comparison_api_keys PASSED [ 98%]
tests/test_app.py::TestNoScrapingModuleForPriceComparison::test_price_source_module_uses_only_stdlib_http PASSED [100%]

============================= 72 passed in 1.83s ==============================
