<?xml version="1.0" encoding="utf-8"?>
<TestRun id="90857475-5cf4-4faf-b402-347420d1c9eb" name="n@LAPTOP-683KCHF3 2026-07-11 00:19:55" runUser="LAPTOP-683KCHF3\n" xmlns="http://microsoft.com/schemas/VisualStudio/TeamTest/2010">
  <Times creation="2026-07-11T00:19:55.4342188+09:00" queuing="2026-07-11T00:19:55.4342195+09:00" start="2026-07-11T00:19:54.0728941+09:00" finish="2026-07-11T00:19:55.9222907+09:00" />
  <TestSettings name="default" id="016d2cdc-9a28-45de-ac8a-178cfd2e90d3">
    <Deployment runDeploymentRoot="n_LAPTOP-683KCHF3_2026-07-11_00_19_55" />
  </TestSettings>
  <Results>
    <UnitTestResult executionId="20c6bd6b-80f1-439d-8861-3bb13d2e5da0" testId="3bebfa7b-5bf6-de6c-89e5-acc09f2d326a" testName="PhotoDedupe.Core.Tests.DuplicateDetectorTests.DetectDuplicates_GroupsSingleFiles_AreNotReportedAsDuplicates" computerName="LAPTOP-683KCHF3" duration="00:00:00.0004077" startTime="2026-07-11T00:19:55.3612680+09:00" endTime="2026-07-11T00:19:55.3612682+09:00" testType="13cdc9d9-ddb5-4fa4-a97d-d965ccfc6d4b" outcome="Passed" testListId="8c84fa94-04c1-424b-9868-57a2d4851a1d" relativeResultsDirectory="20c6bd6b-80f1-439d-8861-3bb13d2e5da0" />
    <UnitTestResult executionId="117ab099-27e4-4f69-8745-0831a2190d22" testId="1c78b2d0-e278-5f81-569d-5130cea53c4d" testName="PhotoDedupe.Core.Tests.HashServiceTests.IsVideoFile_ClassifiesByExtension(fileName: &quot;video.mp4&quot;, expected: True)" computerName="LAPTOP-683KCHF3" duration="00:00:00.0025641" startTime="2026-07-11T00:19:55.3636839+09:00" endTime="2026-07-11T00:19:55.3636840+09:00" testType="13cdc9d9-ddb5-4fa4-a97d-d965ccfc6d4b" outcome="Passed" testListId="8c84fa94-04c1-424b-9868-57a2d4851a1d" relativeResultsDirectory="117ab099-27e4-4f69-8745-0831a2190d22" />
    <UnitTestResult executionId="e4995fe7-86ba-4a62-9f16-ecfda78f6ff6" testId="286b2454-8c58-82d6-a5b8-c929a02aa8dc" testName="PhotoDedupe.Core.Tests.FileOrganizerTests.Organize_CopiesFileIntoYearMonthFolder_BasedOnResolvedDate" computerName="LAPTOP-683KCHF3" duration="00:00:00.0141055" startTime="2026-07-11T00:19:55.3833425+09:00" endTime="2026-07-11T00:19:55.3833432+09:00" testType="13cdc9d9-ddb5-4fa4-a97d-d965ccfc6d4b" outcome="Passed" testListId="8c84fa94-04c1-424b-9868-57a2d4851a1d" relativeResultsDirectory="e4995fe7-86ba-4a62-9f16-ecfda78f6ff6" />
    <UnitTestResult executionId="90cfe93a-cd2d-4518-8630-5bda53ebb576" testId="243cbfdc-83e2-50b7-0155-023d0c33520d" testName="PhotoDedupe.Core.Tests.FileOrganizerTests.BuildRelativeFolder_YearOnly_ReturnsJustTheYear" computerName="LAPTOP-683KCHF3" duration="00:00:00.0206055" startTime="2026-07-11T00:19:55.2637375+09:00" endTime="2026-07-11T00:19:55.2637378+09:00" testType="13cdc9d9-ddb5-4fa4-a97d-d965ccfc6d4b" outcome="Passed" testListId="8c84fa94-04c1-424b-9868-57a2d4851a1d" relativeResultsDirectory="90cfe93a-cd2d-4518-8630-5bda53ebb576" />
    <UnitTestResult executionId="aec1d90f-5138-4117-a7db-e98b0c458314" testId="b2cec941-1df4-530b-6349-04ece271a939" testName="PhotoDedupe.Core.Tests.HashServiceTests.HammingDistance_CountsDifferingBits(a: 0, b: 1, expectedDistance: 1)" computerName="LAPTOP-683KCHF3" duration="00:00:00.0038121" startTime="2026-07-11T00:19:55.2701366+09:00" endTime="2026-07-11T00:19:55.2701367+09:00" testType="13cdc9d9-ddb5-4fa4-a97d-d965ccfc6d4b" outcome="Passed" testListId="8c84fa94-04c1-424b-9868-57a2d4851a1d" relativeResultsDirectory="aec1d90f-5138-4117-a7db-e98b0c458314" />
    <UnitTestResult executionId="196f29de-356d-4e67-881b-92a6513c8ebb" testId="d136e4c8-8e30-6acd-22cb-5e050516884b" testName="PhotoDedupe.Core.Tests.HashServiceTests.ComputeSha256_KnownContent_MatchesExpectedDigest" computerName="LAPTOP-683KCHF3" duration="00:00:00.0063234" startTime="2026-07-11T00:19:55.6665912+09:00" endTime="2026-07-11T00:19:55.6665917+09:00" testType="13cdc9d9-ddb5-4fa4-a97d-d965ccfc6d4b" outcome="Passed" testListId="8c84fa94-04c1-424b-9868-57a2d4851a1d" relativeResultsDirectory="196f29de-356d-4e67-881b-92a6513c8ebb" />
    <UnitTestResult executionId="dbb7faa1-df80-4ddd-8993-4b421de5e974" testId="85bef114-d68e-2840-0890-114814baa4ca" testName="PhotoDedupe.Core.Tests.ExifDateResolverTests.ResolveDate_FallsBackToFileSystemDate_WhenNoExifAndNoJson" computerName="LAPTOP-683KCHF3" duration="00:00:00.0045708" startTime="2026-07-11T00:19:55.7915394+09:00" endTime="2026-07-11T00:19:55.7915397+09:00" testType="13cdc9d9-ddb5-4fa4-a97d-d965ccfc6d4b" outcome="Passed" testListId="8c84fa94-04c1-424b-9868-57a2d4851a1d" relativeResultsDirectory="dbb7faa1-df80-4ddd-8993-4b421de5e974" />
    <UnitTestResult executionId="bcd71b7d-94a2-4a33-a850-68c051b61724" testId="d29ecc0b-b7a0-3d1c-cf5f-4939032d7f0c" testName="PhotoDedupe.Core.Tests.ExifDateResolverTests.ResolveDate_UsesSupplementalMetadataSidecarNaming" computerName="LAPTOP-683KCHF3" duration="00:00:00.0090403" startTime="2026-07-11T00:19:55.3555540+09:00" endTime="2026-07-11T00:19:55.3555541+09:00" testType="13cdc9d9-ddb5-4fa4-a97d-d965ccfc6d4b" outcome="Passed" testListId="8c84fa94-04c1-424b-9868-57a2d4851a1d" relativeResultsDirectory="bcd71b7d-94a2-4a33-a850-68c051b61724" />
    <UnitTestResult executionId="728f4b31-81c7-4340-a6c3-9676a10b31fe" testId="9d3082fc-da68-e859-5d66-bcf54f794303" testName="PhotoDedupe.Core.Tests.HashServiceTests.IsImageFile_ClassifiesByExtension(fileName: &quot;video.mp4&quot;, expected: False)" computerName="LAPTOP-683KCHF3" duration="00:00:00.0024950" startTime="2026-07-11T00:19:55.3631504+09:00" endTime="2026-07-11T00:19:55.3631508+09:00" testType="13cdc9d9-ddb5-4fa4-a97d-d965ccfc6d4b" outcome="Passed" testListId="8c84fa94-04c1-424b-9868-57a2d4851a1d" relativeResultsDirectory="728f4b31-81c7-4340-a6c3-9676a10b31fe" />
    <UnitTestResult executionId="d88d5d31-eb76-47bf-ac42-ece30b488853" testId="11831056-a3a7-5e1f-7674-a1c2f42c0569" testName="PhotoDedupe.Core.Tests.DuplicateDetectorTests.DetectDuplicates_GroupsSimilarImages_BasedOnHammingDistanceThreshold(threshold: Moderate, bitDifference: 8, expectGrouped: True)" computerName="LAPTOP-683KCHF3" duration="00:00:00.0000490" startTime="2026-07-11T00:19:55.3604996+09:00" endTime="2026-07-11T00:19:55.3604998+09:00" testType="13cdc9d9-ddb5-4fa4-a97d-d965ccfc6d4b" outcome="Passed" testListId="8c84fa94-04c1-424b-9868-57a2d4851a1d" relativeResultsDirectory="d88d5d31-eb76-47bf-ac42-ece30b488853" />
    <UnitTestResult executionId="4bc6f96c-f0ea-48b8-94c7-7de57db13b23" testId="b1ca734c-5596-0796-e252-f3ac0ded21b6" testName="PhotoDedupe.Core.Tests.PipelineRunnerCacheTests.BuildFingerprints_SecondRunWithUnchangedFiles_DoesNotRecomputeHashes" computerName="LAPTOP-683KCHF3" duration="00:00:00.2551127" startTime="2026-07-11T00:19:55.4873432+09:00" endTime="2026-07-11T00:19:55.4873438+09:00" testType="13cdc9d9-ddb5-4fa4-a97d-d965ccfc6d4b" outcome="Passed" testListId="8c84fa94-04c1-424b-9868-57a2d4851a1d" relativeResultsDirectory="4bc6f96c-f0ea-48b8-94c7-7de57db13b23" />
    <UnitTestResult executionId="6fc27fe7-a4fe-4d56-a5c9-e51545588c31" testId="6e1d3105-c791-b65c-22b7-08c602540e32" testName="PhotoDedupe.Core.Tests.HashServiceTests.IsVideoFile_ClassifiesByExtension(fileName: &quot;photo.jpg&quot;, expected: False)" computerName="LAPTOP-683KCHF3" duration="00:00:00.0041153" startTime="2026-07-11T00:19:55.3653246+09:00" endTime="2026-07-11T00:19:55.3653248+09:00" testType="13cdc9d9-ddb5-4fa4-a97d-d965ccfc6d4b" outcome="Passed" testListId="8c84fa94-04c1-424b-9868-57a2d4851a1d" relativeResultsDirectory="6fc27fe7-a4fe-4d56-a5c9-e51545588c31" />
    <UnitTestResult executionId="0a0c53a9-5548-4f61-8df2-63933a732987" testId="19a2d9a4-f140-ea15-1b71-9ac8e2d3d08c" testName="PhotoDedupe.Core.Tests.HashServiceTests.ComputeDHash_IdenticalImages_ProduceSameHash" computerName="LAPTOP-683KCHF3" duration="00:00:00.3380048" startTime="2026-07-11T00:19:55.6419736+09:00" endTime="2026-07-11T00:19:55.6419743+09:00" testType="13cdc9d9-ddb5-4fa4-a97d-d965ccfc6d4b" outcome="Passed" testListId="8c84fa94-04c1-424b-9868-57a2d4851a1d" relativeResultsDirectory="0a0c53a9-5548-4f61-8df2-63933a732987" />
    <UnitTestResult executionId="15e46b4c-1a46-48a8-9ad7-da8515b8426d" testId="f69a39db-7c6d-56b5-7544-18322dbc912b" testName="PhotoDedupe.Core.Tests.DuplicateDetectorTests.DetectDuplicates_ExactAndSimilarGroups_CanCoexistIndependently" computerName="LAPTOP-683KCHF3" duration="00:00:00.0030018" startTime="2026-07-11T00:19:55.3609456+09:00" endTime="2026-07-11T00:19:55.3609458+09:00" testType="13cdc9d9-ddb5-4fa4-a97d-d965ccfc6d4b" outcome="Passed" testListId="8c84fa94-04c1-424b-9868-57a2d4851a1d" relativeResultsDirectory="15e46b4c-1a46-48a8-9ad7-da8515b8426d" />
    <UnitTestResult executionId="09d980e5-e35f-471a-985b-84f59a662d12" testId="ca38a456-e64e-01e5-3e75-db24d6343534" testName="PhotoDedupe.Core.Tests.DuplicateDetectorTests.DetectDuplicates_GroupsSimilarImages_BasedOnHammingDistanceThreshold(threshold: Strict, bitDifference: 10, expectGrouped: False)" computerName="LAPTOP-683KCHF3" duration="00:00:00.0039461" startTime="2026-07-11T00:19:55.3552839+09:00" endTime="2026-07-11T00:19:55.3552842+09:00" testType="13cdc9d9-ddb5-4fa4-a97d-d965ccfc6d4b" outcome="Passed" testListId="8c84fa94-04c1-424b-9868-57a2d4851a1d" relativeResultsDirectory="09d980e5-e35f-471a-985b-84f59a662d12" />
    <UnitTestResult executionId="80789361-aab2-4d79-9b43-41fc0a37626d" testId="7fef89da-1e9e-6354-ba7a-ce5fcde7e219" testName="PhotoDedupe.Core.Tests.DuplicateDetectorTests.DetectDuplicates_DoesNotGroup_WhenSha256DiffersEvenIfSizeMatches" computerName="LAPTOP-683KCHF3" duration="00:00:00.0004123" startTime="2026-07-11T00:19:55.3611685+09:00" endTime="2026-07-11T00:19:55.3611689+09:00" testType="13cdc9d9-ddb5-4fa4-a97d-d965ccfc6d4b" outcome="Passed" testListId="8c84fa94-04c1-424b-9868-57a2d4851a1d" relativeResultsDirectory="80789361-aab2-4d79-9b43-41fc0a37626d" />
    <UnitTestResult executionId="e8b8a5db-8e9f-4573-9988-4c50856b0d5b" testId="2713afff-28df-ed21-ae28-b5d275cbf285" testName="PhotoDedupe.Core.Tests.DuplicateDetectorTests.DetectDuplicates_GroupsSimilarImages_BasedOnHammingDistanceThreshold(threshold: Moderate, bitDifference: 9, expectGrouped: False)" computerName="LAPTOP-683KCHF3" duration="00:00:00.0007573" startTime="2026-07-11T00:19:55.3554022+09:00" endTime="2026-07-11T00:19:55.3554024+09:00" testType="13cdc9d9-ddb5-4fa4-a97d-d965ccfc6d4b" outcome="Passed" testListId="8c84fa94-04c1-424b-9868-57a2d4851a1d" relativeResultsDirectory="e8b8a5db-8e9f-4573-9988-4c50856b0d5b" />
    <UnitTestResult executionId="682eaa10-f4f8-4147-92f3-882568ded304" testId="d4791f97-27a8-3afb-76ae-17763c4ed70c" testName="PhotoDedupe.Core.Tests.HashServiceTests.IsImageFile_ClassifiesByExtension(fileName: &quot;photo.heic&quot;, expected: True)" computerName="LAPTOP-683KCHF3" duration="00:00:00.0076346" startTime="2026-07-11T00:19:55.3601633+09:00" endTime="2026-07-11T00:19:55.3601636+09:00" testType="13cdc9d9-ddb5-4fa4-a97d-d965ccfc6d4b" outcome="Passed" testListId="8c84fa94-04c1-424b-9868-57a2d4851a1d" relativeResultsDirectory="682eaa10-f4f8-4147-92f3-882568ded304" />
    <UnitTestResult executionId="688082c3-0549-4c4e-9db6-37b91e315dd5" testId="a9efaa87-45f1-6c81-4e35-32f5e156f8b8" testName="PhotoDedupe.Core.Tests.DuplicateDetectorTests.DetectDuplicates_GroupsSimilarImages_BasedOnHammingDistanceThreshold(threshold: Loose, bitDifference: 16, expectGrouped: False)" computerName="LAPTOP-683KCHF3" duration="00:00:00.0000242" startTime="2026-07-11T00:19:55.3554704+09:00" endTime="2026-07-11T00:19:55.3554706+09:00" testType="13cdc9d9-ddb5-4fa4-a97d-d965ccfc6d4b" outcome="Passed" testListId="8c84fa94-04c1-424b-9868-57a2d4851a1d" relativeResultsDirectory="688082c3-0549-4c4e-9db6-37b91e315dd5" />
    <UnitTestResult executionId="5f0e7265-4ea1-41ec-b7ce-13fb76e4a299" testId="b9c7fc8a-20ea-9a7f-6762-8fc33f2483f9" testName="PhotoDedupe.Core.Tests.HashServiceTests.ComputeSha256_DifferentContent_ProducesDifferentHash" computerName="LAPTOP-683KCHF3" duration="00:00:00.0060430" startTime="2026-07-11T00:19:55.6744684+09:00" endTime="2026-07-11T00:19:55.6744690+09:00" testType="13cdc9d9-ddb5-4fa4-a97d-d965ccfc6d4b" outcome="Passed" testListId="8c84fa94-04c1-424b-9868-57a2d4851a1d" relativeResultsDirectory="5f0e7265-4ea1-41ec-b7ce-13fb76e4a299" />
    <UnitTestResult executionId="55bc8256-6ed5-4fe4-90ab-4be7ec2a00e9" testId="0772951a-cb01-8b5c-7456-f7199a19f0d0" testName="PhotoDedupe.Core.Tests.FileOrganizerTests.Organize_CopiesFileIntoYearOnlyFolder_WhenStrategyIsYearOnly" computerName="LAPTOP-683KCHF3" duration="00:00:00.0211153" startTime="2026-07-11T00:19:55.3633918+09:00" endTime="2026-07-11T00:19:55.3633919+09:00" testType="13cdc9d9-ddb5-4fa4-a97d-d965ccfc6d4b" outcome="Passed" testListId="8c84fa94-04c1-424b-9868-57a2d4851a1d" relativeResultsDirectory="55bc8256-6ed5-4fe4-90ab-4be7ec2a00e9" />
    <UnitTestResult executionId="87b7ef30-5230-4611-97c1-43da82832204" testId="a06681df-c715-c437-9e89-c9f945d3f87a" testName="PhotoDedupe.Core.Tests.ExifDateResolverTests.ResolveExifDate_ReadsDateTimeOriginal_FromJpeg" computerName="LAPTOP-683KCHF3" duration="00:00:00.5146579" startTime="2026-07-11T00:19:55.7813321+09:00" endTime="2026-07-11T00:19:55.7813326+09:00" testType="13cdc9d9-ddb5-4fa4-a97d-d965ccfc6d4b" outcome="Passed" testListId="8c84fa94-04c1-424b-9868-57a2d4851a1d" relativeResultsDirectory="87b7ef30-5230-4611-97c1-43da82832204" />
    <UnitTestResult executionId="a1981f7b-47d6-41fc-823e-f53e470e5de2" testId="009eaa1d-59c9-5b0a-ba26-cb9380b02fc2" testName="PhotoDedupe.Core.Tests.HashServiceTests.IsImageFile_ClassifiesByExtension(fileName: &quot;photo.jpg&quot;, expected: True)" computerName="LAPTOP-683KCHF3" duration="00:00:00.0024091" startTime="2026-07-11T00:19:55.3635550+09:00" endTime="2026-07-11T00:19:55.3635551+09:00" testType="13cdc9d9-ddb5-4fa4-a97d-d965ccfc6d4b" outcome="Passed" testListId="8c84fa94-04c1-424b-9868-57a2d4851a1d" relativeResultsDirectory="a1981f7b-47d6-41fc-823e-f53e470e5de2" />
    <UnitTestResult executionId="3f8cb4b8-546d-4d92-b86b-71c7a4751d30" testId="5ed25273-4e11-f57c-8d15-941d6293dda3" testName="PhotoDedupe.Core.Tests.PipelineRunnerCacheTests.BuildFingerprints_ModifiedFile_RecomputesOnlyThatFile" computerName="LAPTOP-683KCHF3" duration="00:00:00.0510924" startTime="2026-07-11T00:19:55.5386810+09:00" endTime="2026-07-11T00:19:55.5386816+09:00" testType="13cdc9d9-ddb5-4fa4-a97d-d965ccfc6d4b" outcome="Passed" testListId="8c84fa94-04c1-424b-9868-57a2d4851a1d" relativeResultsDirectory="3f8cb4b8-546d-4d92-b86b-71c7a4751d30" />
    <UnitTestResult executionId="cc497797-e8d1-4347-b217-09890c366d00" testId="ee7187e3-ee75-ed4d-c15e-ffc2409ee5c5" testName="PhotoDedupe.Core.Tests.FileOrganizerTests.Organize_RoutesFileToUnknownDateFolder_WhenDateCannotBeResolved" computerName="LAPTOP-683KCHF3" duration="00:00:00.0145675" startTime="2026-07-11T00:19:55.3659141+09:00" endTime="2026-07-11T00:19:55.3659142+09:00" testType="13cdc9d9-ddb5-4fa4-a97d-d965ccfc6d4b" outcome="Passed" testListId="8c84fa94-04c1-424b-9868-57a2d4851a1d" relativeResultsDirectory="cc497797-e8d1-4347-b217-09890c366d00" />
    <UnitTestResult executionId="fc94ecb8-7275-4c5a-8e95-abe6ab6a1d5f" testId="8df0be92-4bb2-4377-5231-deb95b0761fd" testName="PhotoDedupe.Core.Tests.HashServiceTests.ComputeDHash_VisuallyDifferentImages_ProduceDifferentHash" computerName="LAPTOP-683KCHF3" duration="00:00:00.0116307" startTime="2026-07-11T00:19:55.6537872+09:00" endTime="2026-07-11T00:19:55.6537878+09:00" testType="13cdc9d9-ddb5-4fa4-a97d-d965ccfc6d4b" outcome="Passed" testListId="8c84fa94-04c1-424b-9868-57a2d4851a1d" relativeResultsDirectory="fc94ecb8-7275-4c5a-8e95-abe6ab6a1d5f" />
    <UnitTestResult executionId="05863af1-4eff-4b52-84c5-88c2c248d816" testId="43f3b882-5e74-965c-c4e7-d0703e96bfe6" testName="PhotoDedupe.Core.Tests.DuplicateDetectorTests.DetectDuplicates_GroupsSimilarImages_BasedOnHammingDistanceThreshold(threshold: Strict, bitDifference: 2, expectGrouped: True)" computerName="LAPTOP-683KCHF3" duration="00:00:00.0001272" startTime="2026-07-11T00:19:55.3604177+09:00" endTime="2026-07-11T00:19:55.3604179+09:00" testType="13cdc9d9-ddb5-4fa4-a97d-d965ccfc6d4b" outcome="Passed" testListId="8c84fa94-04c1-424b-9868-57a2d4851a1d" relativeResultsDirectory="05863af1-4eff-4b52-84c5-88c2c248d816" />
    <UnitTestResult executionId="13335576-0631-4ada-b946-e971d1f3357e" testId="548e372e-88de-fa40-0a67-7912817f8209" testName="PhotoDedupe.Core.Tests.HashServiceTests.IsVideoFile_ClassifiesByExtension(fileName: &quot;notes.txt&quot;, expected: False)" computerName="LAPTOP-683KCHF3" duration="00:00:00.0022977" startTime="2026-07-11T00:19:55.3654450+09:00" endTime="2026-07-11T00:19:55.3654451+09:00" testType="13cdc9d9-ddb5-4fa4-a97d-d965ccfc6d4b" outcome="Passed" testListId="8c84fa94-04c1-424b-9868-57a2d4851a1d" relativeResultsDirectory="13335576-0631-4ada-b946-e971d1f3357e" />
    <UnitTestResult executionId="d67a6144-cb11-4965-9ff6-981ec4531d4d" testId="cd8e05e5-864f-7d1d-6cb4-f7ef4d727cc8" testName="PhotoDedupe.Core.Tests.ExifDateResolverTests.ResolveDate_UsesJsonSidecar_WhenNoExifDataPresent" computerName="LAPTOP-683KCHF3" duration="00:00:00.0071998" startTime="2026-07-11T00:19:55.8134891+09:00" endTime="2026-07-11T00:19:55.8134896+09:00" testType="13cdc9d9-ddb5-4fa4-a97d-d965ccfc6d4b" outcome="Passed" testListId="8c84fa94-04c1-424b-9868-57a2d4851a1d" relativeResultsDirectory="d67a6144-cb11-4965-9ff6-981ec4531d4d" />
    <UnitTestResult executionId="b3c7a686-705e-45c3-b724-e34db70ee667" testId="0b4b246e-8204-a2b4-e01b-75e08c133470" testName="PhotoDedupe.Core.Tests.HashServiceTests.HammingDistance_IdenticalHashes_IsZero" computerName="LAPTOP-683KCHF3" duration="00:00:00.0014727" startTime="2026-07-11T00:19:55.6682479+09:00" endTime="2026-07-11T00:19:55.6682481+09:00" testType="13cdc9d9-ddb5-4fa4-a97d-d965ccfc6d4b" outcome="Passed" testListId="8c84fa94-04c1-424b-9868-57a2d4851a1d" relativeResultsDirectory="b3c7a686-705e-45c3-b724-e34db70ee667" />
    <UnitTestResult executionId="9e8cced5-9bbd-4979-89da-713a6d6cebf0" testId="8d058eff-a115-b86e-64bf-4b2e060b28e4" testName="PhotoDedupe.Core.Tests.HashServiceTests.IsImageFile_ClassifiesByExtension(fileName: &quot;photo.JPEG&quot;, expected: True)" computerName="LAPTOP-683KCHF3" duration="00:00:00.0023632" startTime="2026-07-11T00:19:55.3633025+09:00" endTime="2026-07-11T00:19:55.3633027+09:00" testType="13cdc9d9-ddb5-4fa4-a97d-d965ccfc6d4b" outcome="Passed" testListId="8c84fa94-04c1-424b-9868-57a2d4851a1d" relativeResultsDirectory="9e8cced5-9bbd-4979-89da-713a6d6cebf0" />
    <UnitTestResult executionId="5d68a7f8-0d36-49af-bc1d-28bebda020cd" testId="8f784482-f814-8156-504c-def006ac75b4" testName="PhotoDedupe.Core.Tests.DuplicateDetectorTests.DetectDuplicates_GroupsFilesWithMatchingSizeAndSha256" computerName="LAPTOP-683KCHF3" duration="00:00:00.0279017" startTime="2026-07-11T00:19:55.3656906+09:00" endTime="2026-07-11T00:19:55.3656907+09:00" testType="13cdc9d9-ddb5-4fa4-a97d-d965ccfc6d4b" outcome="Passed" testListId="8c84fa94-04c1-424b-9868-57a2d4851a1d" relativeResultsDirectory="5d68a7f8-0d36-49af-bc1d-28bebda020cd" />
    <UnitTestResult executionId="24169563-d3b8-4c0e-a705-b8d928f2ab30" testId="5e3ec66e-b713-034c-510a-fc2b0fc8a34e" testName="PhotoDedupe.Core.Tests.FileOrganizerTests.Organize_RenamesFile_WhenDestinationNameAlreadyExists" computerName="LAPTOP-683KCHF3" duration="00:00:00.0430826" startTime="2026-07-11T00:19:55.3661599+09:00" endTime="2026-07-11T00:19:55.3661601+09:00" testType="13cdc9d9-ddb5-4fa4-a97d-d965ccfc6d4b" outcome="Passed" testListId="8c84fa94-04c1-424b-9868-57a2d4851a1d" relativeResultsDirectory="24169563-d3b8-4c0e-a705-b8d928f2ab30" />
    <UnitTestResult executionId="45cf193b-c385-42a6-8859-2ca20cdb52e9" testId="5e19aaf9-9a3e-1553-1992-40275114a226" testName="PhotoDedupe.Core.Tests.HashServiceTests.HammingDistance_CountsDifferingBits(a: 0, b: 11, expectedDistance: 3)" computerName="LAPTOP-683KCHF3" duration="00:00:00.0229951" startTime="2026-07-11T00:19:55.2643970+09:00" endTime="2026-07-11T00:19:55.2643972+09:00" testType="13cdc9d9-ddb5-4fa4-a97d-d965ccfc6d4b" outcome="Passed" testListId="8c84fa94-04c1-424b-9868-57a2d4851a1d" relativeResultsDirectory="45cf193b-c385-42a6-8859-2ca20cdb52e9" />
    <UnitTestResult executionId="f2010202-2097-4d2e-be21-229907dacb21" testId="e2138207-6f33-eeb4-b391-d1198a6e232f" testName="PhotoDedupe.Core.Tests.DuplicateDetectorTests.DetectDuplicates_UsesSizeAsPrefilter_SoIdenticalHashButDifferentSizeIsNotGrouped" computerName="LAPTOP-683KCHF3" duration="00:00:00.0004395" startTime="2026-07-11T00:19:55.3657794+09:00" endTime="2026-07-11T00:19:55.3657795+09:00" testType="13cdc9d9-ddb5-4fa4-a97d-d965ccfc6d4b" outcome="Passed" testListId="8c84fa94-04c1-424b-9868-57a2d4851a1d" relativeResultsDirectory="f2010202-2097-4d2e-be21-229907dacb21" />
    <UnitTestResult executionId="d48068e2-7933-4b78-a311-4fc7d4508d13" testId="179c30b6-754d-d193-bc32-e3abc3a3b485" testName="PhotoDedupe.Core.Tests.HashServiceTests.IsImageFile_ClassifiesByExtension(fileName: &quot;photo.png&quot;, expected: True)" computerName="LAPTOP-683KCHF3" duration="00:00:00.0029513" startTime="2026-07-11T00:19:55.3606313+09:00" endTime="2026-07-11T00:19:55.3606315+09:00" testType="13cdc9d9-ddb5-4fa4-a97d-d965ccfc6d4b" outcome="Passed" testListId="8c84fa94-04c1-424b-9868-57a2d4851a1d" relativeResultsDirectory="d48068e2-7933-4b78-a311-4fc7d4508d13" />
    <UnitTestResult executionId="18594093-3c3b-4b34-94f5-599c6537c001" testId="1ebcc1de-a084-2796-84e2-10f9be3a29fb" testName="PhotoDedupe.Core.Tests.ExifDateResolverTests.ResolveDate_PrefersExifDate_OverJsonSidecarAndFileSystem" computerName="LAPTOP-683KCHF3" duration="00:00:00.0115466" startTime="2026-07-11T00:19:55.8044974+09:00" endTime="2026-07-11T00:19:55.8044979+09:00" testType="13cdc9d9-ddb5-4fa4-a97d-d965ccfc6d4b" outcome="Passed" testListId="8c84fa94-04c1-424b-9868-57a2d4851a1d" relativeResultsDirectory="18594093-3c3b-4b34-94f5-599c6537c001" />
    <UnitTestResult executionId="8e4dfd65-7380-47d9-b2a8-be26adf99507" testId="61b6cbc2-266d-e7eb-144a-bfa2579517a7" testName="PhotoDedupe.Core.Tests.ExifDateResolverTests.ResolveDate_ReturnsNull_WhenFileDoesNotExistAndNoSidecar" computerName="LAPTOP-683KCHF3" duration="00:00:00.0011833" startTime="2026-07-11T00:19:55.7928191+09:00" endTime="2026-07-11T00:19:55.7928193+09:00" testType="13cdc9d9-ddb5-4fa4-a97d-d965ccfc6d4b" outcome="Passed" testListId="8c84fa94-04c1-424b-9868-57a2d4851a1d" relativeResultsDirectory="8e4dfd65-7380-47d9-b2a8-be26adf99507" />
    <UnitTestResult executionId="0780d5ad-99ae-46ef-8b72-982f6f7c2384" testId="aaf790a7-1009-8235-8d91-e970b4ee5264" testName="PhotoDedupe.Core.Tests.HashServiceTests.HammingDistance_CountsDifferingBits(a: 18446744073709551615, b: 0, expectedDistance: 64)" computerName="LAPTOP-683KCHF3" duration="00:00:00.0028944" startTime="2026-07-11T00:19:55.3547782+09:00" endTime="2026-07-11T00:19:55.3547784+09:00" testType="13cdc9d9-ddb5-4fa4-a97d-d965ccfc6d4b" outcome="Passed" testListId="8c84fa94-04c1-424b-9868-57a2d4851a1d" relativeResultsDirectory="0780d5ad-99ae-46ef-8b72-982f6f7c2384" />
    <UnitTestResult executionId="3b3cdbc0-b32e-4080-b792-eae6a7f7f7ed" testId="f0390943-4d79-ed54-3a66-28a5c872eeed" testName="PhotoDedupe.Core.Tests.DuplicateDetectorTests.DetectDuplicates_VideosWithDifferentContent_AreNotGrouped" computerName="LAPTOP-683KCHF3" duration="00:00:00.0240673" startTime="2026-07-11T00:19:55.2700120+09:00" endTime="2026-07-11T00:19:55.2700122+09:00" testType="13cdc9d9-ddb5-4fa4-a97d-d965ccfc6d4b" outcome="Passed" testListId="8c84fa94-04c1-424b-9868-57a2d4851a1d" relativeResultsDirectory="3b3cdbc0-b32e-4080-b792-eae6a7f7f7ed" />
    <UnitTestResult executionId="6a24ebde-f4e7-4e22-8fa4-c453652c334b" testId="75b5a572-c723-79d7-394e-0613e0ec2b66" testName="PhotoDedupe.Core.Tests.DuplicateDetectorTests.DetectDuplicates_GroupsSimilarImages_BasedOnHammingDistanceThreshold(threshold: Loose, bitDifference: 15, expectGrouped: True)" computerName="LAPTOP-683KCHF3" duration="00:00:00.0083128" startTime="2026-07-11T00:19:55.3602852+09:00" endTime="2026-07-11T00:19:55.3602854+09:00" testType="13cdc9d9-ddb5-4fa4-a97d-d965ccfc6d4b" outcome="Passed" testListId="8c84fa94-04c1-424b-9868-57a2d4851a1d" relativeResultsDirectory="6a24ebde-f4e7-4e22-8fa4-c453652c334b" />
    <UnitTestResult executionId="2493d0a3-b15e-4593-8d39-c7e9706eeb50" testId="eeaea3f6-4ba4-d3ed-968f-e18817a436d8" testName="PhotoDedupe.Core.Tests.FileOrganizerTests.BuildRelativeFolder_YearMonth_CombinesYearAndMonth" computerName="LAPTOP-683KCHF3" duration="00:00:00.0053629" startTime="2026-07-11T00:19:55.3637664+09:00" endTime="2026-07-11T00:19:55.3637665+09:00" testType="13cdc9d9-ddb5-4fa4-a97d-d965ccfc6d4b" outcome="Passed" testListId="8c84fa94-04c1-424b-9868-57a2d4851a1d" relativeResultsDirectory="2493d0a3-b15e-4593-8d39-c7e9706eeb50" />
    <UnitTestResult executionId="fe9f1bb2-d628-479e-869e-8c5fbacd974b" testId="48c54c94-a2df-1b09-e320-96f7f50867ac" testName="PhotoDedupe.Core.Tests.HashServiceTests.HammingDistance_RespectsSimilarityThresholdBoundaries" computerName="LAPTOP-683KCHF3" duration="00:00:00.0012871" startTime="2026-07-11T00:19:55.6758979+09:00" endTime="2026-07-11T00:19:55.6758982+09:00" testType="13cdc9d9-ddb5-4fa4-a97d-d965ccfc6d4b" outcome="Passed" testListId="8c84fa94-04c1-424b-9868-57a2d4851a1d" relativeResultsDirectory="fe9f1bb2-d628-479e-869e-8c5fbacd974b" />
    <UnitTestResult executionId="0c456bea-6960-4074-be5b-2484d2ec2c23" testId="bf04358d-07c8-00d0-8847-8f6e8a52e76f" testName="PhotoDedupe.Core.Tests.ExifDateResolverTests.Resolve_PrefersExifOverJsonAndFileSystem" computerName="LAPTOP-683KCHF3" duration="00:00:00.0037962" startTime="2026-07-11T00:19:55.7852964+09:00" endTime="2026-07-11T00:19:55.7852966+09:00" testType="13cdc9d9-ddb5-4fa4-a97d-d965ccfc6d4b" outcome="Passed" testListId="8c84fa94-04c1-424b-9868-57a2d4851a1d" relativeResultsDirectory="0c456bea-6960-4074-be5b-2484d2ec2c23" />
    <UnitTestResult executionId="786ca07b-fcf6-44f2-bc26-24550083f82c" testId="7a7d6457-2fe7-da43-b5b5-97cd83b54ad4" testName="PhotoDedupe.Core.Tests.DuplicateDetectorTests.DetectDuplicates_Videos_AreOnlyComparedByExactSha256_NeverClusteredBySimilarity" computerName="LAPTOP-683KCHF3" duration="00:00:00.0006189" startTime="2026-07-11T00:19:55.3658640+09:00" endTime="2026-07-11T00:19:55.3658642+09:00" testType="13cdc9d9-ddb5-4fa4-a97d-d965ccfc6d4b" outcome="Passed" testListId="8c84fa94-04c1-424b-9868-57a2d4851a1d" relativeResultsDirectory="786ca07b-fcf6-44f2-bc26-24550083f82c" />
    <UnitTestResult executionId="f096b720-9ff1-4732-85d9-80fa19c1caf4" testId="d0ffc79f-17a9-5822-c55e-445defc742c1" testName="PhotoDedupe.Core.Tests.HashServiceTests.IsVideoFile_ClassifiesByExtension(fileName: &quot;video.MOV&quot;, expected: True)" computerName="LAPTOP-683KCHF3" duration="00:00:00.0023806" startTime="2026-07-11T00:19:55.3638555+09:00" endTime="2026-07-11T00:19:55.3638556+09:00" testType="13cdc9d9-ddb5-4fa4-a97d-d965ccfc6d4b" outcome="Passed" testListId="8c84fa94-04c1-424b-9868-57a2d4851a1d" relativeResultsDirectory="f096b720-9ff1-4732-85d9-80fa19c1caf4" />
    <UnitTestResult executionId="de311fba-e98c-4931-bbae-5d68adcb023a" testId="c69ab4fb-700f-e41e-bbb2-d5de3e634a46" testName="PhotoDedupe.Core.Tests.HashServiceTests.IsVideoFile_ClassifiesByExtension(fileName: &quot;clip.avi&quot;, expected: True)" computerName="LAPTOP-683KCHF3" duration="00:00:00.0024245" startTime="2026-07-11T00:19:55.3655695+09:00" endTime="2026-07-11T00:19:55.3655696+09:00" testType="13cdc9d9-ddb5-4fa4-a97d-d965ccfc6d4b" outcome="Passed" testListId="8c84fa94-04c1-424b-9868-57a2d4851a1d" relativeResultsDirectory="de311fba-e98c-4931-bbae-5d68adcb023a" />
    <UnitTestResult executionId="40e4117b-f7c4-4978-a0fd-cb876958a6ef" testId="1c7cf78b-3ac9-fc2e-f6b0-ebd808bfba41" testName="PhotoDedupe.Core.Tests.ExifDateResolverTests.Resolve_PrefersJsonOverFileSystem_WhenExifMissing" computerName="LAPTOP-683KCHF3" duration="00:00:00.0014272" startTime="2026-07-11T00:19:55.7868561+09:00" endTime="2026-07-11T00:19:55.7868563+09:00" testType="13cdc9d9-ddb5-4fa4-a97d-d965ccfc6d4b" outcome="Passed" testListId="8c84fa94-04c1-424b-9868-57a2d4851a1d" relativeResultsDirectory="40e4117b-f7c4-4978-a0fd-cb876958a6ef" />
    <UnitTestResult executionId="05725666-f43d-4617-afd3-beceb7bb8a0c" testId="f6d0fa7f-58c9-6259-d42e-82e8bd8832dc" testName="PhotoDedupe.Core.Tests.FileOrganizerTests.BuildRelativeFolder_NullDate_ReturnsUnknownDateFolder" computerName="LAPTOP-683KCHF3" duration="00:00:00.0094666" startTime="2026-07-11T00:19:55.3556566+09:00" endTime="2026-07-11T00:19:55.3556567+09:00" testType="13cdc9d9-ddb5-4fa4-a97d-d965ccfc6d4b" outcome="Passed" testListId="8c84fa94-04c1-424b-9868-57a2d4851a1d" relativeResultsDirectory="05725666-f43d-4617-afd3-beceb7bb8a0c" />
    <UnitTestResult executionId="76ead9db-88b5-4e56-9943-e537b78e9d54" testId="09e4f89a-4b1a-e5d6-9a81-59f6a011ddae" testName="PhotoDedupe.Core.Tests.FileOrganizerTests.Organize_LeavesSourceFileInPlace_AfterCopying" computerName="LAPTOP-683KCHF3" duration="00:00:00.0168787" startTime="2026-07-11T00:19:55.3688952+09:00" endTime="2026-07-11T00:19:55.3688956+09:00" testType="13cdc9d9-ddb5-4fa4-a97d-d965ccfc6d4b" outcome="Passed" testListId="8c84fa94-04c1-424b-9868-57a2d4851a1d" relativeResultsDirectory="76ead9db-88b5-4e56-9943-e537b78e9d54" />
    <UnitTestResult executionId="5a189567-9bb5-4858-8156-edd7e2edad57" testId="91e55b31-9469-10ee-3a65-57c23dce110b" testName="PhotoDedupe.Core.Tests.ExifDateResolverTests.Resolve_FallsBackToFileSystem_WhenExifAndJsonMissing" computerName="LAPTOP-683KCHF3" duration="00:00:00.0014597" startTime="2026-07-11T00:19:55.8061248+09:00" endTime="2026-07-11T00:19:55.8061251+09:00" testType="13cdc9d9-ddb5-4fa4-a97d-d965ccfc6d4b" outcome="Passed" testListId="8c84fa94-04c1-424b-9868-57a2d4851a1d" relativeResultsDirectory="5a189567-9bb5-4858-8156-edd7e2edad57" />
    <UnitTestResult executionId="6f706ad7-05a7-46e0-8f83-2dcd1ff244be" testId="d2b5c857-1d9c-61fb-654a-933382c30c48" testName="PhotoDedupe.Core.Tests.HashServiceTests.ComputeSha256_SameContent_ProducesSameHash" computerName="LAPTOP-683KCHF3" duration="00:00:00.0060836" startTime="2026-07-11T00:19:55.6600401+09:00" endTime="2026-07-11T00:19:55.6600406+09:00" testType="13cdc9d9-ddb5-4fa4-a97d-d965ccfc6d4b" outcome="Passed" testListId="8c84fa94-04c1-424b-9868-57a2d4851a1d" relativeResultsDirectory="6f706ad7-05a7-46e0-8f83-2dcd1ff244be" />
    <UnitTestResult executionId="80dc64f2-451e-4ee2-9b4d-7a5eaaad3c29" testId="d98be2c1-9c2b-77dd-172a-bb0d274cb2aa" testName="PhotoDedupe.Core.Tests.ExifDateResolverTests.Resolve_ReturnsNull_WhenAllSourcesMissing" computerName="LAPTOP-683KCHF3" duration="00:00:00.0184136" startTime="2026-07-11T00:19:55.2584373+09:00" endTime="2026-07-11T00:19:55.2584847+09:00" testType="13cdc9d9-ddb5-4fa4-a97d-d965ccfc6d4b" outcome="Passed" testListId="8c84fa94-04c1-424b-9868-57a2d4851a1d" relativeResultsDirectory="80dc64f2-451e-4ee2-9b4d-7a5eaaad3c29" />
    <UnitTestResult executionId="a23e7396-2c0e-431c-90e4-711b5c79bbfa" testId="01c97329-91dd-b0f7-eb5d-3746017d32d0" testName="PhotoDedupe.Core.Tests.HashServiceTests.IsImageFile_ClassifiesByExtension(fileName: &quot;notes.txt&quot;, expected: False)" computerName="LAPTOP-683KCHF3" duration="00:00:00.0063338" startTime="2026-07-11T00:19:55.3628960+09:00" endTime="2026-07-11T00:19:55.3628962+09:00" testType="13cdc9d9-ddb5-4fa4-a97d-d965ccfc6d4b" outcome="Passed" testListId="8c84fa94-04c1-424b-9868-57a2d4851a1d" relativeResultsDirectory="a23e7396-2c0e-431c-90e4-711b5c79bbfa" />
  </Results>
  <TestDefinitions>
    <UnitTest name="PhotoDedupe.Core.Tests.HashServiceTests.ComputeSha256_DifferentContent_ProducesDifferentHash" storage="g:\マイドライブ\ai_dev_council\output\photo-dedupe-tool\tests\photodedupe.core.tests\bin\debug\net8.0\photodedupe.core.tests.dll" id="b9c7fc8a-20ea-9a7f-6762-8fc33f2483f9">
      <Execution id="5f0e7265-4ea1-41ec-b7ce-13fb76e4a299" />
      <TestMethod codeBase="G:\マイドライブ\ai_dev_council\output\photo-dedupe-tool\tests\PhotoDedupe.Core.Tests\bin\Debug\net8.0\PhotoDedupe.Core.Tests.dll" adapterTypeName="executor://xunit/VsTestRunner2/netcoreapp" className="PhotoDedupe.Core.Tests.HashServiceTests" name="ComputeSha256_DifferentContent_ProducesDifferentHash" />
    </UnitTest>
    <UnitTest name="PhotoDedupe.Core.Tests.HashServiceTests.IsImageFile_ClassifiesByExtension(fileName: &quot;photo.heic&quot;, expected: True)" storage="g:\マイドライブ\ai_dev_council\output\photo-dedupe-tool\tests\photodedupe.core.tests\bin\debug\net8.0\photodedupe.core.tests.dll" id="d4791f97-27a8-3afb-76ae-17763c4ed70c">
      <Execution id="682eaa10-f4f8-4147-92f3-882568ded304" />
      <TestMethod codeBase="G:\マイドライブ\ai_dev_council\output\photo-dedupe-tool\tests\PhotoDedupe.Core.Tests\bin\Debug\net8.0\PhotoDedupe.Core.Tests.dll" adapterTypeName="executor://xunit/VsTestRunner2/netcoreapp" className="PhotoDedupe.Core.Tests.HashServiceTests" name="IsImageFile_ClassifiesByExtension" />
    </UnitTest>
    <UnitTest name="PhotoDedupe.Core.Tests.PipelineRunnerCacheTests.BuildFingerprints_ModifiedFile_RecomputesOnlyThatFile" storage="g:\マイドライブ\ai_dev_council\output\photo-dedupe-tool\tests\photodedupe.core.tests\bin\debug\net8.0\photodedupe.core.tests.dll" id="5ed25273-4e11-f57c-8d15-941d6293dda3">
      <Execution id="3f8cb4b8-546d-4d92-b86b-71c7a4751d30" />
      <TestMethod codeBase="G:\マイドライブ\ai_dev_council\output\photo-dedupe-tool\tests\PhotoDedupe.Core.Tests\bin\Debug\net8.0\PhotoDedupe.Core.Tests.dll" adapterTypeName="executor://xunit/VsTestRunner2/netcoreapp" className="PhotoDedupe.Core.Tests.PipelineRunnerCacheTests" name="BuildFingerprints_ModifiedFile_RecomputesOnlyThatFile" />
    </UnitTest>
    <UnitTest name="PhotoDedupe.Core.Tests.DuplicateDetectorTests.DetectDuplicates_GroupsSimilarImages_BasedOnHammingDistanceThreshold(threshold: Strict, bitDifference: 10, expectGrouped: False)" storage="g:\マイドライブ\ai_dev_council\output\photo-dedupe-tool\tests\photodedupe.core.tests\bin\debug\net8.0\photodedupe.core.tests.dll" id="ca38a456-e64e-01e5-3e75-db24d6343534">
      <Execution id="09d980e5-e35f-471a-985b-84f59a662d12" />
      <TestMethod codeBase="G:\マイドライブ\ai_dev_council\output\photo-dedupe-tool\tests\PhotoDedupe.Core.Tests\bin\Debug\net8.0\PhotoDedupe.Core.Tests.dll" adapterTypeName="executor://xunit/VsTestRunner2/netcoreapp" className="PhotoDedupe.Core.Tests.DuplicateDetectorTests" name="DetectDuplicates_GroupsSimilarImages_BasedOnHammingDistanceThreshold" />
    </UnitTest>
    <UnitTest name="PhotoDedupe.Core.Tests.HashServiceTests.IsVideoFile_ClassifiesByExtension(fileName: &quot;photo.jpg&quot;, expected: False)" storage="g:\マイドライブ\ai_dev_council\output\photo-dedupe-tool\tests\photodedupe.core.tests\bin\debug\net8.0\photodedupe.core.tests.dll" id="6e1d3105-c791-b65c-22b7-08c602540e32">
      <Execution id="6fc27fe7-a4fe-4d56-a5c9-e51545588c31" />
      <TestMethod codeBase="G:\マイドライブ\ai_dev_council\output\photo-dedupe-tool\tests\PhotoDedupe.Core.Tests\bin\Debug\net8.0\PhotoDedupe.Core.Tests.dll" adapterTypeName="executor://xunit/VsTestRunner2/netcoreapp" className="PhotoDedupe.Core.Tests.HashServiceTests" name="IsVideoFile_ClassifiesByExtension" />
    </UnitTest>
    <UnitTest name="PhotoDedupe.Core.Tests.FileOrganizerTests.BuildRelativeFolder_YearOnly_ReturnsJustTheYear" storage="g:\マイドライブ\ai_dev_council\output\photo-dedupe-tool\tests\photodedupe.core.tests\bin\debug\net8.0\photodedupe.core.tests.dll" id="243cbfdc-83e2-50b7-0155-023d0c33520d">
      <Execution id="90cfe93a-cd2d-4518-8630-5bda53ebb576" />
      <TestMethod codeBase="G:\マイドライブ\ai_dev_council\output\photo-dedupe-tool\tests\PhotoDedupe.Core.Tests\bin\Debug\net8.0\PhotoDedupe.Core.Tests.dll" adapterTypeName="executor://xunit/VsTestRunner2/netcoreapp" className="PhotoDedupe.Core.Tests.FileOrganizerTests" name="BuildRelativeFolder_YearOnly_ReturnsJustTheYear" />
    </UnitTest>
    <UnitTest name="PhotoDedupe.Core.Tests.DuplicateDetectorTests.DetectDuplicates_GroupsSimilarImages_BasedOnHammingDistanceThreshold(threshold: Moderate, bitDifference: 8, expectGrouped: True)" storage="g:\マイドライブ\ai_dev_council\output\photo-dedupe-tool\tests\photodedupe.core.tests\bin\debug\net8.0\photodedupe.core.tests.dll" id="11831056-a3a7-5e1f-7674-a1c2f42c0569">
      <Execution id="d88d5d31-eb76-47bf-ac42-ece30b488853" />
      <TestMethod codeBase="G:\マイドライブ\ai_dev_council\output\photo-dedupe-tool\tests\PhotoDedupe.Core.Tests\bin\Debug\net8.0\PhotoDedupe.Core.Tests.dll" adapterTypeName="executor://xunit/VsTestRunner2/netcoreapp" className="PhotoDedupe.Core.Tests.DuplicateDetectorTests" name="DetectDuplicates_GroupsSimilarImages_BasedOnHammingDistanceThreshold" />
    </UnitTest>
    <UnitTest name="PhotoDedupe.Core.Tests.ExifDateResolverTests.ResolveDate_UsesJsonSidecar_WhenNoExifDataPresent" storage="g:\マイドライブ\ai_dev_council\output\photo-dedupe-tool\tests\photodedupe.core.tests\bin\debug\net8.0\photodedupe.core.tests.dll" id="cd8e05e5-864f-7d1d-6cb4-f7ef4d727cc8">
      <Execution id="d67a6144-cb11-4965-9ff6-981ec4531d4d" />
      <TestMethod codeBase="G:\マイドライブ\ai_dev_council\output\photo-dedupe-tool\tests\PhotoDedupe.Core.Tests\bin\Debug\net8.0\PhotoDedupe.Core.Tests.dll" adapterTypeName="executor://xunit/VsTestRunner2/netcoreapp" className="PhotoDedupe.Core.Tests.ExifDateResolverTests" name="ResolveDate_UsesJsonSidecar_WhenNoExifDataPresent" />
    </UnitTest>
    <UnitTest name="PhotoDedupe.Core.Tests.DuplicateDetectorTests.DetectDuplicates_VideosWithDifferentContent_AreNotGrouped" storage="g:\マイドライブ\ai_dev_council\output\photo-dedupe-tool\tests\photodedupe.core.tests\bin\debug\net8.0\photodedupe.core.tests.dll" id="f0390943-4d79-ed54-3a66-28a5c872eeed">
      <Execution id="3b3cdbc0-b32e-4080-b792-eae6a7f7f7ed" />
      <TestMethod codeBase="G:\マイドライブ\ai_dev_council\output\photo-dedupe-tool\tests\PhotoDedupe.Core.Tests\bin\Debug\net8.0\PhotoDedupe.Core.Tests.dll" adapterTypeName="executor://xunit/VsTestRunner2/netcoreapp" className="PhotoDedupe.Core.Tests.DuplicateDetectorTests" name="DetectDuplicates_VideosWithDifferentContent_AreNotGrouped" />
    </UnitTest>
    <UnitTest name="PhotoDedupe.Core.Tests.FileOrganizerTests.Organize_RenamesFile_WhenDestinationNameAlreadyExists" storage="g:\マイドライブ\ai_dev_council\output\photo-dedupe-tool\tests\photodedupe.core.tests\bin\debug\net8.0\photodedupe.core.tests.dll" id="5e3ec66e-b713-034c-510a-fc2b0fc8a34e">
      <Execution id="24169563-d3b8-4c0e-a705-b8d928f2ab30" />
      <TestMethod codeBase="G:\マイドライブ\ai_dev_council\output\photo-dedupe-tool\tests\PhotoDedupe.Core.Tests\bin\Debug\net8.0\PhotoDedupe.Core.Tests.dll" adapterTypeName="executor://xunit/VsTestRunner2/netcoreapp" className="PhotoDedupe.Core.Tests.FileOrganizerTests" name="Organize_RenamesFile_WhenDestinationNameAlreadyExists" />
    </UnitTest>
    <UnitTest name="PhotoDedupe.Core.Tests.ExifDateResolverTests.ResolveDate_FallsBackToFileSystemDate_WhenNoExifAndNoJson" storage="g:\マイドライブ\ai_dev_council\output\photo-dedupe-tool\tests\photodedupe.core.tests\bin\debug\net8.0\photodedupe.core.tests.dll" id="85bef114-d68e-2840-0890-114814baa4ca">
      <Execution id="dbb7faa1-df80-4ddd-8993-4b421de5e974" />
      <TestMethod codeBase="G:\マイドライブ\ai_dev_council\output\photo-dedupe-tool\tests\PhotoDedupe.Core.Tests\bin\Debug\net8.0\PhotoDedupe.Core.Tests.dll" adapterTypeName="executor://xunit/VsTestRunner2/netcoreapp" className="PhotoDedupe.Core.Tests.ExifDateResolverTests" name="ResolveDate_FallsBackToFileSystemDate_WhenNoExifAndNoJson" />
    </UnitTest>
    <UnitTest name="PhotoDedupe.Core.Tests.ExifDateResolverTests.ResolveDate_PrefersExifDate_OverJsonSidecarAndFileSystem" storage="g:\マイドライブ\ai_dev_council\output\photo-dedupe-tool\tests\photodedupe.core.tests\bin\debug\net8.0\photodedupe.core.tests.dll" id="1ebcc1de-a084-2796-84e2-10f9be3a29fb">
      <Execution id="18594093-3c3b-4b34-94f5-599c6537c001" />
      <TestMethod codeBase="G:\マイドライブ\ai_dev_council\output\photo-dedupe-tool\tests\PhotoDedupe.Core.Tests\bin\Debug\net8.0\PhotoDedupe.Core.Tests.dll" adapterTypeName="executor://xunit/VsTestRunner2/netcoreapp" className="PhotoDedupe.Core.Tests.ExifDateResolverTests" name="ResolveDate_PrefersExifDate_OverJsonSidecarAndFileSystem" />
    </UnitTest>
    <UnitTest name="PhotoDedupe.Core.Tests.ExifDateResolverTests.ResolveDate_UsesSupplementalMetadataSidecarNaming" storage="g:\マイドライブ\ai_dev_council\output\photo-dedupe-tool\tests\photodedupe.core.tests\bin\debug\net8.0\photodedupe.core.tests.dll" id="d29ecc0b-b7a0-3d1c-cf5f-4939032d7f0c">
      <Execution id="bcd71b7d-94a2-4a33-a850-68c051b61724" />
      <TestMethod codeBase="G:\マイドライブ\ai_dev_council\output\photo-dedupe-tool\tests\PhotoDedupe.Core.Tests\bin\Debug\net8.0\PhotoDedupe.Core.Tests.dll" adapterTypeName="executor://xunit/VsTestRunner2/netcoreapp" className="PhotoDedupe.Core.Tests.ExifDateResolverTests" name="ResolveDate_UsesSupplementalMetadataSidecarNaming" />
    </UnitTest>
    <UnitTest name="PhotoDedupe.Core.Tests.HashServiceTests.ComputeSha256_KnownContent_MatchesExpectedDigest" storage="g:\マイドライブ\ai_dev_council\output\photo-dedupe-tool\tests\photodedupe.core.tests\bin\debug\net8.0\photodedupe.core.tests.dll" id="d136e4c8-8e30-6acd-22cb-5e050516884b">
      <Execution id="196f29de-356d-4e67-881b-92a6513c8ebb" />
      <TestMethod codeBase="G:\マイドライブ\ai_dev_council\output\photo-dedupe-tool\tests\PhotoDedupe.Core.Tests\bin\Debug\net8.0\PhotoDedupe.Core.Tests.dll" adapterTypeName="executor://xunit/VsTestRunner2/netcoreapp" className="PhotoDedupe.Core.Tests.HashServiceTests" name="ComputeSha256_KnownContent_MatchesExpectedDigest" />
    </UnitTest>
    <UnitTest name="PhotoDedupe.Core.Tests.HashServiceTests.ComputeDHash_VisuallyDifferentImages_ProduceDifferentHash" storage="g:\マイドライブ\ai_dev_council\output\photo-dedupe-tool\tests\photodedupe.core.tests\bin\debug\net8.0\photodedupe.core.tests.dll" id="8df0be92-4bb2-4377-5231-deb95b0761fd">
      <Execution id="fc94ecb8-7275-4c5a-8e95-abe6ab6a1d5f" />
      <TestMethod codeBase="G:\マイドライブ\ai_dev_council\output\photo-dedupe-tool\tests\PhotoDedupe.Core.Tests\bin\Debug\net8.0\PhotoDedupe.Core.Tests.dll" adapterTypeName="executor://xunit/VsTestRunner2/netcoreapp" className="PhotoDedupe.Core.Tests.HashServiceTests" name="ComputeDHash_VisuallyDifferentImages_ProduceDifferentHash" />
    </UnitTest>
    <UnitTest name="PhotoDedupe.Core.Tests.DuplicateDetectorTests.DetectDuplicates_UsesSizeAsPrefilter_SoIdenticalHashButDifferentSizeIsNotGrouped" storage="g:\マイドライブ\ai_dev_council\output\photo-dedupe-tool\tests\photodedupe.core.tests\bin\debug\net8.0\photodedupe.core.tests.dll" id="e2138207-6f33-eeb4-b391-d1198a6e232f">
      <Execution id="f2010202-2097-4d2e-be21-229907dacb21" />
      <TestMethod codeBase="G:\マイドライブ\ai_dev_council\output\photo-dedupe-tool\tests\PhotoDedupe.Core.Tests\bin\Debug\net8.0\PhotoDedupe.Core.Tests.dll" adapterTypeName="executor://xunit/VsTestRunner2/netcoreapp" className="PhotoDedupe.Core.Tests.DuplicateDetectorTests" name="DetectDuplicates_UsesSizeAsPrefilter_SoIdenticalHashButDifferentSizeIsNotGrouped" />
    </UnitTest>
    <UnitTest name="PhotoDedupe.Core.Tests.HashServiceTests.HammingDistance_RespectsSimilarityThresholdBoundaries" storage="g:\マイドライブ\ai_dev_council\output\photo-dedupe-tool\tests\photodedupe.core.tests\bin\debug\net8.0\photodedupe.core.tests.dll" id="48c54c94-a2df-1b09-e320-96f7f50867ac">
      <Execution id="fe9f1bb2-d628-479e-869e-8c5fbacd974b" />
      <TestMethod codeBase="G:\マイドライブ\ai_dev_council\output\photo-dedupe-tool\tests\PhotoDedupe.Core.Tests\bin\Debug\net8.0\PhotoDedupe.Core.Tests.dll" adapterTypeName="executor://xunit/VsTestRunner2/netcoreapp" className="PhotoDedupe.Core.Tests.HashServiceTests" name="HammingDistance_RespectsSimilarityThresholdBoundaries" />
    </UnitTest>
    <UnitTest name="PhotoDedupe.Core.Tests.HashServiceTests.IsImageFile_ClassifiesByExtension(fileName: &quot;video.mp4&quot;, expected: False)" storage="g:\マイドライブ\ai_dev_council\output\photo-dedupe-tool\tests\photodedupe.core.tests\bin\debug\net8.0\photodedupe.core.tests.dll" id="9d3082fc-da68-e859-5d66-bcf54f794303">
      <Execution id="728f4b31-81c7-4340-a6c3-9676a10b31fe" />
      <TestMethod codeBase="G:\マイドライブ\ai_dev_council\output\photo-dedupe-tool\tests\PhotoDedupe.Core.Tests\bin\Debug\net8.0\PhotoDedupe.Core.Tests.dll" adapterTypeName="executor://xunit/VsTestRunner2/netcoreapp" className="PhotoDedupe.Core.Tests.HashServiceTests" name="IsImageFile_ClassifiesByExtension" />
    </UnitTest>
    <UnitTest name="PhotoDedupe.Core.Tests.DuplicateDetectorTests.DetectDuplicates_ExactAndSimilarGroups_CanCoexistIndependently" storage="g:\マイドライブ\ai_dev_council\output\photo-dedupe-tool\tests\photodedupe.core.tests\bin\debug\net8.0\photodedupe.core.tests.dll" id="f69a39db-7c6d-56b5-7544-18322dbc912b">
      <Execution id="15e46b4c-1a46-48a8-9ad7-da8515b8426d" />
      <TestMethod codeBase="G:\マイドライブ\ai_dev_council\output\photo-dedupe-tool\tests\PhotoDedupe.Core.Tests\bin\Debug\net8.0\PhotoDedupe.Core.Tests.dll" adapterTypeName="executor://xunit/VsTestRunner2/netcoreapp" className="PhotoDedupe.Core.Tests.DuplicateDetectorTests" name="DetectDuplicates_ExactAndSimilarGroups_CanCoexistIndependently" />
    </UnitTest>
    <UnitTest name="PhotoDedupe.Core.Tests.ExifDateResolverTests.Resolve_FallsBackToFileSystem_WhenExifAndJsonMissing" storage="g:\マイドライブ\ai_dev_council\output\photo-dedupe-tool\tests\photodedupe.core.tests\bin\debug\net8.0\photodedupe.core.tests.dll" id="91e55b31-9469-10ee-3a65-57c23dce110b">
      <Execution id="5a189567-9bb5-4858-8156-edd7e2edad57" />
      <TestMethod codeBase="G:\マイドライブ\ai_dev_council\output\photo-dedupe-tool\tests\PhotoDedupe.Core.Tests\bin\Debug\net8.0\PhotoDedupe.Core.Tests.dll" adapterTypeName="executor://xunit/VsTestRunner2/netcoreapp" className="PhotoDedupe.Core.Tests.ExifDateResolverTests" name="Resolve_FallsBackToFileSystem_WhenExifAndJsonMissing" />
    </UnitTest>
    <UnitTest name="PhotoDedupe.Core.Tests.DuplicateDetectorTests.DetectDuplicates_GroupsSingleFiles_AreNotReportedAsDuplicates" storage="g:\マイドライブ\ai_dev_council\output\photo-dedupe-tool\tests\photodedupe.core.tests\bin\debug\net8.0\photodedupe.core.tests.dll" id="3bebfa7b-5bf6-de6c-89e5-acc09f2d326a">
      <Execution id="20c6bd6b-80f1-439d-8861-3bb13d2e5da0" />
      <TestMethod codeBase="G:\マイドライブ\ai_dev_council\output\photo-dedupe-tool\tests\PhotoDedupe.Core.Tests\bin\Debug\net8.0\PhotoDedupe.Core.Tests.dll" adapterTypeName="executor://xunit/VsTestRunner2/netcoreapp" className="PhotoDedupe.Core.Tests.DuplicateDetectorTests" name="DetectDuplicates_GroupsSingleFiles_AreNotReportedAsDuplicates" />
    </UnitTest>
    <UnitTest name="PhotoDedupe.Core.Tests.ExifDateResolverTests.Resolve_PrefersExifOverJsonAndFileSystem" storage="g:\マイドライブ\ai_dev_council\output\photo-dedupe-tool\tests\photodedupe.core.tests\bin\debug\net8.0\photodedupe.core.tests.dll" id="bf04358d-07c8-00d0-8847-8f6e8a52e76f">
      <Execution id="0c456bea-6960-4074-be5b-2484d2ec2c23" />
      <TestMethod codeBase="G:\マイドライブ\ai_dev_council\output\photo-dedupe-tool\tests\PhotoDedupe.Core.Tests\bin\Debug\net8.0\PhotoDedupe.Core.Tests.dll" adapterTypeName="executor://xunit/VsTestRunner2/netcoreapp" className="PhotoDedupe.Core.Tests.ExifDateResolverTests" name="Resolve_PrefersExifOverJsonAndFileSystem" />
    </UnitTest>
    <UnitTest name="PhotoDedupe.Core.Tests.FileOrganizerTests.Organize_LeavesSourceFileInPlace_AfterCopying" storage="g:\マイドライブ\ai_dev_council\output\photo-dedupe-tool\tests\photodedupe.core.tests\bin\debug\net8.0\photodedupe.core.tests.dll" id="09e4f89a-4b1a-e5d6-9a81-59f6a011ddae">
      <Execution id="76ead9db-88b5-4e56-9943-e537b78e9d54" />
      <TestMethod codeBase="G:\マイドライブ\ai_dev_council\output\photo-dedupe-tool\tests\PhotoDedupe.Core.Tests\bin\Debug\net8.0\PhotoDedupe.Core.Tests.dll" adapterTypeName="executor://xunit/VsTestRunner2/netcoreapp" className="PhotoDedupe.Core.Tests.FileOrganizerTests" name="Organize_LeavesSourceFileInPlace_AfterCopying" />
    </UnitTest>
    <UnitTest name="PhotoDedupe.Core.Tests.ExifDateResolverTests.ResolveDate_ReturnsNull_WhenFileDoesNotExistAndNoSidecar" storage="g:\マイドライブ\ai_dev_council\output\photo-dedupe-tool\tests\photodedupe.core.tests\bin\debug\net8.0\photodedupe.core.tests.dll" id="61b6cbc2-266d-e7eb-144a-bfa2579517a7">
      <Execution id="8e4dfd65-7380-47d9-b2a8-be26adf99507" />
      <TestMethod codeBase="G:\マイドライブ\ai_dev_council\output\photo-dedupe-tool\tests\PhotoDedupe.Core.Tests\bin\Debug\net8.0\PhotoDedupe.Core.Tests.dll" adapterTypeName="executor://xunit/VsTestRunner2/netcoreapp" className="PhotoDedupe.Core.Tests.ExifDateResolverTests" name="ResolveDate_ReturnsNull_WhenFileDoesNotExistAndNoSidecar" />
    </UnitTest>
    <UnitTest name="PhotoDedupe.Core.Tests.HashServiceTests.IsImageFile_ClassifiesByExtension(fileName: &quot;photo.jpg&quot;, expected: True)" storage="g:\マイドライブ\ai_dev_council\output\photo-dedupe-tool\tests\photodedupe.core.tests\bin\debug\net8.0\photodedupe.core.tests.dll" id="009eaa1d-59c9-5b0a-ba26-cb9380b02fc2">
      <Execution id="a1981f7b-47d6-41fc-823e-f53e470e5de2" />
      <TestMethod codeBase="G:\マイドライブ\ai_dev_council\output\photo-dedupe-tool\tests\PhotoDedupe.Core.Tests\bin\Debug\net8.0\PhotoDedupe.Core.Tests.dll" adapterTypeName="executor://xunit/VsTestRunner2/netcoreapp" className="PhotoDedupe.Core.Tests.HashServiceTests" name="IsImageFile_ClassifiesByExtension" />
    </UnitTest>
    <UnitTest name="PhotoDedupe.Core.Tests.HashServiceTests.IsImageFile_ClassifiesByExtension(fileName: &quot;photo.png&quot;, expected: True)" storage="g:\マイドライブ\ai_dev_council\output\photo-dedupe-tool\tests\photodedupe.core.tests\bin\debug\net8.0\photodedupe.core.tests.dll" id="179c30b6-754d-d193-bc32-e3abc3a3b485">
      <Execution id="d48068e2-7933-4b78-a311-4fc7d4508d13" />
      <TestMethod codeBase="G:\マイドライブ\ai_dev_council\output\photo-dedupe-tool\tests\PhotoDedupe.Core.Tests\bin\Debug\net8.0\PhotoDedupe.Core.Tests.dll" adapterTypeName="executor://xunit/VsTestRunner2/netcoreapp" className="PhotoDedupe.Core.Tests.HashServiceTests" name="IsImageFile_ClassifiesByExtension" />
    </UnitTest>
    <UnitTest name="PhotoDedupe.Core.Tests.ExifDateResolverTests.Resolve_ReturnsNull_WhenAllSourcesMissing" storage="g:\マイドライブ\ai_dev_council\output\photo-dedupe-tool\tests\photodedupe.core.tests\bin\debug\net8.0\photodedupe.core.tests.dll" id="d98be2c1-9c2b-77dd-172a-bb0d274cb2aa">
      <Execution id="80dc64f2-451e-4ee2-9b4d-7a5eaaad3c29" />
      <TestMethod codeBase="G:\マイドライブ\ai_dev_council\output\photo-dedupe-tool\tests\PhotoDedupe.Core.Tests\bin\Debug\net8.0\PhotoDedupe.Core.Tests.dll" adapterTypeName="executor://xunit/VsTestRunner2/netcoreapp" className="PhotoDedupe.Core.Tests.ExifDateResolverTests" name="Resolve_ReturnsNull_WhenAllSourcesMissing" />
    </UnitTest>
    <UnitTest name="PhotoDedupe.Core.Tests.HashServiceTests.HammingDistance_CountsDifferingBits(a: 0, b: 1, expectedDistance: 1)" storage="g:\マイドライブ\ai_dev_council\output\photo-dedupe-tool\tests\photodedupe.core.tests\bin\debug\net8.0\photodedupe.core.tests.dll" id="b2cec941-1df4-530b-6349-04ece271a939">
      <Execution id="aec1d90f-5138-4117-a7db-e98b0c458314" />
      <TestMethod codeBase="G:\マイドライブ\ai_dev_council\output\photo-dedupe-tool\tests\PhotoDedupe.Core.Tests\bin\Debug\net8.0\PhotoDedupe.Core.Tests.dll" adapterTypeName="executor://xunit/VsTestRunner2/netcoreapp" className="PhotoDedupe.Core.Tests.HashServiceTests" name="HammingDistance_CountsDifferingBits" />
    </UnitTest>
    <UnitTest name="PhotoDedupe.Core.Tests.FileOrganizerTests.BuildRelativeFolder_YearMonth_CombinesYearAndMonth" storage="g:\マイドライブ\ai_dev_council\output\photo-dedupe-tool\tests\photodedupe.core.tests\bin\debug\net8.0\photodedupe.core.tests.dll" id="eeaea3f6-4ba4-d3ed-968f-e18817a436d8">
      <Execution id="2493d0a3-b15e-4593-8d39-c7e9706eeb50" />
      <TestMethod codeBase="G:\マイドライブ\ai_dev_council\output\photo-dedupe-tool\tests\PhotoDedupe.Core.Tests\bin\Debug\net8.0\PhotoDedupe.Core.Tests.dll" adapterTypeName="executor://xunit/VsTestRunner2/netcoreapp" className="PhotoDedupe.Core.Tests.FileOrganizerTests" name="BuildRelativeFolder_YearMonth_CombinesYearAndMonth" />
    </UnitTest>
    <UnitTest name="PhotoDedupe.Core.Tests.DuplicateDetectorTests.DetectDuplicates_GroupsFilesWithMatchingSizeAndSha256" storage="g:\マイドライブ\ai_dev_council\output\photo-dedupe-tool\tests\photodedupe.core.tests\bin\debug\net8.0\photodedupe.core.tests.dll" id="8f784482-f814-8156-504c-def006ac75b4">
      <Execution id="5d68a7f8-0d36-49af-bc1d-28bebda020cd" />
      <TestMethod codeBase="G:\マイドライブ\ai_dev_council\output\photo-dedupe-tool\tests\PhotoDedupe.Core.Tests\bin\Debug\net8.0\PhotoDedupe.Core.Tests.dll" adapterTypeName="executor://xunit/VsTestRunner2/netcoreapp" className="PhotoDedupe.Core.Tests.DuplicateDetectorTests" name="DetectDuplicates_GroupsFilesWithMatchingSizeAndSha256" />
    </UnitTest>
    <UnitTest name="PhotoDedupe.Core.Tests.HashServiceTests.ComputeSha256_SameContent_ProducesSameHash" storage="g:\マイドライブ\ai_dev_council\output\photo-dedupe-tool\tests\photodedupe.core.tests\bin\debug\net8.0\photodedupe.core.tests.dll" id="d2b5c857-1d9c-61fb-654a-933382c30c48">
      <Execution id="6f706ad7-05a7-46e0-8f83-2dcd1ff244be" />
      <TestMethod codeBase="G:\マイドライブ\ai_dev_council\output\photo-dedupe-tool\tests\PhotoDedupe.Core.Tests\bin\Debug\net8.0\PhotoDedupe.Core.Tests.dll" adapterTypeName="executor://xunit/VsTestRunner2/netcoreapp" className="PhotoDedupe.Core.Tests.HashServiceTests" name="ComputeSha256_SameContent_ProducesSameHash" />
    </UnitTest>
    <UnitTest name="PhotoDedupe.Core.Tests.DuplicateDetectorTests.DetectDuplicates_DoesNotGroup_WhenSha256DiffersEvenIfSizeMatches" storage="g:\マイドライブ\ai_dev_council\output\photo-dedupe-tool\tests\photodedupe.core.tests\bin\debug\net8.0\photodedupe.core.tests.dll" id="7fef89da-1e9e-6354-ba7a-ce5fcde7e219">
      <Execution id="80789361-aab2-4d79-9b43-41fc0a37626d" />
      <TestMethod codeBase="G:\マイドライブ\ai_dev_council\output\photo-dedupe-tool\tests\PhotoDedupe.Core.Tests\bin\Debug\net8.0\PhotoDedupe.Core.Tests.dll" adapterTypeName="executor://xunit/VsTestRunner2/netcoreapp" className="PhotoDedupe.Core.Tests.DuplicateDetectorTests" name="DetectDuplicates_DoesNotGroup_WhenSha256DiffersEvenIfSizeMatches" />
    </UnitTest>
    <UnitTest name="PhotoDedupe.Core.Tests.HashServiceTests.HammingDistance_IdenticalHashes_IsZero" storage="g:\マイドライブ\ai_dev_council\output\photo-dedupe-tool\tests\photodedupe.core.tests\bin\debug\net8.0\photodedupe.core.tests.dll" id="0b4b246e-8204-a2b4-e01b-75e08c133470">
      <Execution id="b3c7a686-705e-45c3-b724-e34db70ee667" />
      <TestMethod codeBase="G:\マイドライブ\ai_dev_council\output\photo-dedupe-tool\tests\PhotoDedupe.Core.Tests\bin\Debug\net8.0\PhotoDedupe.Core.Tests.dll" adapterTypeName="executor://xunit/VsTestRunner2/netcoreapp" className="PhotoDedupe.Core.Tests.HashServiceTests" name="HammingDistance_IdenticalHashes_IsZero" />
    </UnitTest>
    <UnitTest name="PhotoDedupe.Core.Tests.DuplicateDetectorTests.DetectDuplicates_GroupsSimilarImages_BasedOnHammingDistanceThreshold(threshold: Loose, bitDifference: 16, expectGrouped: False)" storage="g:\マイドライブ\ai_dev_council\output\photo-dedupe-tool\tests\photodedupe.core.tests\bin\debug\net8.0\photodedupe.core.tests.dll" id="a9efaa87-45f1-6c81-4e35-32f5e156f8b8">
      <Execution id="688082c3-0549-4c4e-9db6-37b91e315dd5" />
      <TestMethod codeBase="G:\マイドライブ\ai_dev_council\output\photo-dedupe-tool\tests\PhotoDedupe.Core.Tests\bin\Debug\net8.0\PhotoDedupe.Core.Tests.dll" adapterTypeName="executor://xunit/VsTestRunner2/netcoreapp" className="PhotoDedupe.Core.Tests.DuplicateDetectorTests" name="DetectDuplicates_GroupsSimilarImages_BasedOnHammingDistanceThreshold" />
    </UnitTest>
    <UnitTest name="PhotoDedupe.Core.Tests.DuplicateDetectorTests.DetectDuplicates_GroupsSimilarImages_BasedOnHammingDistanceThreshold(threshold: Strict, bitDifference: 2, expectGrouped: True)" storage="g:\マイドライブ\ai_dev_council\output\photo-dedupe-tool\tests\photodedupe.core.tests\bin\debug\net8.0\photodedupe.core.tests.dll" id="43f3b882-5e74-965c-c4e7-d0703e96bfe6">
      <Execution id="05863af1-4eff-4b52-84c5-88c2c248d816" />
      <TestMethod codeBase="G:\マイドライブ\ai_dev_council\output\photo-dedupe-tool\tests\PhotoDedupe.Core.Tests\bin\Debug\net8.0\PhotoDedupe.Core.Tests.dll" adapterTypeName="executor://xunit/VsTestRunner2/netcoreapp" className="PhotoDedupe.Core.Tests.DuplicateDetectorTests" name="DetectDuplicates_GroupsSimilarImages_BasedOnHammingDistanceThreshold" />
    </UnitTest>
    <UnitTest name="PhotoDedupe.Core.Tests.HashServiceTests.IsImageFile_ClassifiesByExtension(fileName: &quot;notes.txt&quot;, expected: False)" storage="g:\マイドライブ\ai_dev_council\output\photo-dedupe-tool\tests\photodedupe.core.tests\bin\debug\net8.0\photodedupe.core.tests.dll" id="01c97329-91dd-b0f7-eb5d-3746017d32d0">
      <Execution id="a23e7396-2c0e-431c-90e4-711b5c79bbfa" />
      <TestMethod codeBase="G:\マイドライブ\ai_dev_council\output\photo-dedupe-tool\tests\PhotoDedupe.Core.Tests\bin\Debug\net8.0\PhotoDedupe.Core.Tests.dll" adapterTypeName="executor://xunit/VsTestRunner2/netcoreapp" className="PhotoDedupe.Core.Tests.HashServiceTests" name="IsImageFile_ClassifiesByExtension" />
    </UnitTest>
    <UnitTest name="PhotoDedupe.Core.Tests.FileOrganizerTests.Organize_CopiesFileIntoYearOnlyFolder_WhenStrategyIsYearOnly" storage="g:\マイドライブ\ai_dev_council\output\photo-dedupe-tool\tests\photodedupe.core.tests\bin\debug\net8.0\photodedupe.core.tests.dll" id="0772951a-cb01-8b5c-7456-f7199a19f0d0">
      <Execution id="55bc8256-6ed5-4fe4-90ab-4be7ec2a00e9" />
      <TestMethod codeBase="G:\マイドライブ\ai_dev_council\output\photo-dedupe-tool\tests\PhotoDedupe.Core.Tests\bin\Debug\net8.0\PhotoDedupe.Core.Tests.dll" adapterTypeName="executor://xunit/VsTestRunner2/netcoreapp" className="PhotoDedupe.Core.Tests.FileOrganizerTests" name="Organize_CopiesFileIntoYearOnlyFolder_WhenStrategyIsYearOnly" />
    </UnitTest>
    <UnitTest name="PhotoDedupe.Core.Tests.DuplicateDetectorTests.DetectDuplicates_GroupsSimilarImages_BasedOnHammingDistanceThreshold(threshold: Moderate, bitDifference: 9, expectGrouped: False)" storage="g:\マイドライブ\ai_dev_council\output\photo-dedupe-tool\tests\photodedupe.core.tests\bin\debug\net8.0\photodedupe.core.tests.dll" id="2713afff-28df-ed21-ae28-b5d275cbf285">
      <Execution id="e8b8a5db-8e9f-4573-9988-4c50856b0d5b" />
      <TestMethod codeBase="G:\マイドライブ\ai_dev_council\output\photo-dedupe-tool\tests\PhotoDedupe.Core.Tests\bin\Debug\net8.0\PhotoDedupe.Core.Tests.dll" adapterTypeName="executor://xunit/VsTestRunner2/netcoreapp" className="PhotoDedupe.Core.Tests.DuplicateDetectorTests" name="DetectDuplicates_GroupsSimilarImages_BasedOnHammingDistanceThreshold" />
    </UnitTest>
    <UnitTest name="PhotoDedupe.Core.Tests.FileOrganizerTests.Organize_RoutesFileToUnknownDateFolder_WhenDateCannotBeResolved" storage="g:\マイドライブ\ai_dev_council\output\photo-dedupe-tool\tests\photodedupe.core.tests\bin\debug\net8.0\photodedupe.core.tests.dll" id="ee7187e3-ee75-ed4d-c15e-ffc2409ee5c5">
      <Execution id="cc497797-e8d1-4347-b217-09890c366d00" />
      <TestMethod codeBase="G:\マイドライブ\ai_dev_council\output\photo-dedupe-tool\tests\PhotoDedupe.Core.Tests\bin\Debug\net8.0\PhotoDedupe.Core.Tests.dll" adapterTypeName="executor://xunit/VsTestRunner2/netcoreapp" className="PhotoDedupe.Core.Tests.FileOrganizerTests" name="Organize_RoutesFileToUnknownDateFolder_WhenDateCannotBeResolved" />
    </UnitTest>
    <UnitTest name="PhotoDedupe.Core.Tests.HashServiceTests.IsVideoFile_ClassifiesByExtension(fileName: &quot;notes.txt&quot;, expected: False)" storage="g:\マイドライブ\ai_dev_council\output\photo-dedupe-tool\tests\photodedupe.core.tests\bin\debug\net8.0\photodedupe.core.tests.dll" id="548e372e-88de-fa40-0a67-7912817f8209">
      <Execution id="13335576-0631-4ada-b946-e971d1f3357e" />
      <TestMethod codeBase="G:\マイドライブ\ai_dev_council\output\photo-dedupe-tool\tests\PhotoDedupe.Core.Tests\bin\Debug\net8.0\PhotoDedupe.Core.Tests.dll" adapterTypeName="executor://xunit/VsTestRunner2/netcoreapp" className="PhotoDedupe.Core.Tests.HashServiceTests" name="IsVideoFile_ClassifiesByExtension" />
    </UnitTest>
    <UnitTest name="PhotoDedupe.Core.Tests.DuplicateDetectorTests.DetectDuplicates_GroupsSimilarImages_BasedOnHammingDistanceThreshold(threshold: Loose, bitDifference: 15, expectGrouped: True)" storage="g:\マイドライブ\ai_dev_council\output\photo-dedupe-tool\tests\photodedupe.core.tests\bin\debug\net8.0\photodedupe.core.tests.dll" id="75b5a572-c723-79d7-394e-0613e0ec2b66">
      <Execution id="6a24ebde-f4e7-4e22-8fa4-c453652c334b" />
      <TestMethod codeBase="G:\マイドライブ\ai_dev_council\output\photo-dedupe-tool\tests\PhotoDedupe.Core.Tests\bin\Debug\net8.0\PhotoDedupe.Core.Tests.dll" adapterTypeName="executor://xunit/VsTestRunner2/netcoreapp" className="PhotoDedupe.Core.Tests.DuplicateDetectorTests" name="DetectDuplicates_GroupsSimilarImages_BasedOnHammingDistanceThreshold" />
    </UnitTest>
    <UnitTest name="PhotoDedupe.Core.Tests.HashServiceTests.HammingDistance_CountsDifferingBits(a: 0, b: 11, expectedDistance: 3)" storage="g:\マイドライブ\ai_dev_council\output\photo-dedupe-tool\tests\photodedupe.core.tests\bin\debug\net8.0\photodedupe.core.tests.dll" id="5e19aaf9-9a3e-1553-1992-40275114a226">
      <Execution id="45cf193b-c385-42a6-8859-2ca20cdb52e9" />
      <TestMethod codeBase="G:\マイドライブ\ai_dev_council\output\photo-dedupe-tool\tests\PhotoDedupe.Core.Tests\bin\Debug\net8.0\PhotoDedupe.Core.Tests.dll" adapterTypeName="executor://xunit/VsTestRunner2/netcoreapp" className="PhotoDedupe.Core.Tests.HashServiceTests" name="HammingDistance_CountsDifferingBits" />
    </UnitTest>
    <UnitTest name="PhotoDedupe.Core.Tests.HashServiceTests.IsVideoFile_ClassifiesByExtension(fileName: &quot;clip.avi&quot;, expected: True)" storage="g:\マイドライブ\ai_dev_council\output\photo-dedupe-tool\tests\photodedupe.core.tests\bin\debug\net8.0\photodedupe.core.tests.dll" id="c69ab4fb-700f-e41e-bbb2-d5de3e634a46">
      <Execution id="de311fba-e98c-4931-bbae-5d68adcb023a" />
      <TestMethod codeBase="G:\マイドライブ\ai_dev_council\output\photo-dedupe-tool\tests\PhotoDedupe.Core.Tests\bin\Debug\net8.0\PhotoDedupe.Core.Tests.dll" adapterTypeName="executor://xunit/VsTestRunner2/netcoreapp" className="PhotoDedupe.Core.Tests.HashServiceTests" name="IsVideoFile_ClassifiesByExtension" />
    </UnitTest>
    <UnitTest name="PhotoDedupe.Core.Tests.DuplicateDetectorTests.DetectDuplicates_Videos_AreOnlyComparedByExactSha256_NeverClusteredBySimilarity" storage="g:\マイドライブ\ai_dev_council\output\photo-dedupe-tool\tests\photodedupe.core.tests\bin\debug\net8.0\photodedupe.core.tests.dll" id="7a7d6457-2fe7-da43-b5b5-97cd83b54ad4">
      <Execution id="786ca07b-fcf6-44f2-bc26-24550083f82c" />
      <TestMethod codeBase="G:\マイドライブ\ai_dev_council\output\photo-dedupe-tool\tests\PhotoDedupe.Core.Tests\bin\Debug\net8.0\PhotoDedupe.Core.Tests.dll" adapterTypeName="executor://xunit/VsTestRunner2/netcoreapp" className="PhotoDedupe.Core.Tests.DuplicateDetectorTests" name="DetectDuplicates_Videos_AreOnlyComparedByExactSha256_NeverClusteredBySimilarity" />
    </UnitTest>
    <UnitTest name="PhotoDedupe.Core.Tests.ExifDateResolverTests.Resolve_PrefersJsonOverFileSystem_WhenExifMissing" storage="g:\マイドライブ\ai_dev_council\output\photo-dedupe-tool\tests\photodedupe.core.tests\bin\debug\net8.0\photodedupe.core.tests.dll" id="1c7cf78b-3ac9-fc2e-f6b0-ebd808bfba41">
      <Execution id="40e4117b-f7c4-4978-a0fd-cb876958a6ef" />
      <TestMethod codeBase="G:\マイドライブ\ai_dev_council\output\photo-dedupe-tool\tests\PhotoDedupe.Core.Tests\bin\Debug\net8.0\PhotoDedupe.Core.Tests.dll" adapterTypeName="executor://xunit/VsTestRunner2/netcoreapp" className="PhotoDedupe.Core.Tests.ExifDateResolverTests" name="Resolve_PrefersJsonOverFileSystem_WhenExifMissing" />
    </UnitTest>
    <UnitTest name="PhotoDedupe.Core.Tests.HashServiceTests.IsVideoFile_ClassifiesByExtension(fileName: &quot;video.MOV&quot;, expected: True)" storage="g:\マイドライブ\ai_dev_council\output\photo-dedupe-tool\tests\photodedupe.core.tests\bin\debug\net8.0\photodedupe.core.tests.dll" id="d0ffc79f-17a9-5822-c55e-445defc742c1">
      <Execution id="f096b720-9ff1-4732-85d9-80fa19c1caf4" />
      <TestMethod codeBase="G:\マイドライブ\ai_dev_council\output\photo-dedupe-tool\tests\PhotoDedupe.Core.Tests\bin\Debug\net8.0\PhotoDedupe.Core.Tests.dll" adapterTypeName="executor://xunit/VsTestRunner2/netcoreapp" className="PhotoDedupe.Core.Tests.HashServiceTests" name="IsVideoFile_ClassifiesByExtension" />
    </UnitTest>
    <UnitTest name="PhotoDedupe.Core.Tests.PipelineRunnerCacheTests.BuildFingerprints_SecondRunWithUnchangedFiles_DoesNotRecomputeHashes" storage="g:\マイドライブ\ai_dev_council\output\photo-dedupe-tool\tests\photodedupe.core.tests\bin\debug\net8.0\photodedupe.core.tests.dll" id="b1ca734c-5596-0796-e252-f3ac0ded21b6">
      <Execution id="4bc6f96c-f0ea-48b8-94c7-7de57db13b23" />
      <TestMethod codeBase="G:\マイドライブ\ai_dev_council\output\photo-dedupe-tool\tests\PhotoDedupe.Core.Tests\bin\Debug\net8.0\PhotoDedupe.Core.Tests.dll" adapterTypeName="executor://xunit/VsTestRunner2/netcoreapp" className="PhotoDedupe.Core.Tests.PipelineRunnerCacheTests" name="BuildFingerprints_SecondRunWithUnchangedFiles_DoesNotRecomputeHashes" />
    </UnitTest>
    <UnitTest name="PhotoDedupe.Core.Tests.HashServiceTests.ComputeDHash_IdenticalImages_ProduceSameHash" storage="g:\マイドライブ\ai_dev_council\output\photo-dedupe-tool\tests\photodedupe.core.tests\bin\debug\net8.0\photodedupe.core.tests.dll" id="19a2d9a4-f140-ea15-1b71-9ac8e2d3d08c">
      <Execution id="0a0c53a9-5548-4f61-8df2-63933a732987" />
      <TestMethod codeBase="G:\マイドライブ\ai_dev_council\output\photo-dedupe-tool\tests\PhotoDedupe.Core.Tests\bin\Debug\net8.0\PhotoDedupe.Core.Tests.dll" adapterTypeName="executor://xunit/VsTestRunner2/netcoreapp" className="PhotoDedupe.Core.Tests.HashServiceTests" name="ComputeDHash_IdenticalImages_ProduceSameHash" />
    </UnitTest>
    <UnitTest name="PhotoDedupe.Core.Tests.HashServiceTests.HammingDistance_CountsDifferingBits(a: 18446744073709551615, b: 0, expectedDistance: 64)" storage="g:\マイドライブ\ai_dev_council\output\photo-dedupe-tool\tests\photodedupe.core.tests\bin\debug\net8.0\photodedupe.core.tests.dll" id="aaf790a7-1009-8235-8d91-e970b4ee5264">
      <Execution id="0780d5ad-99ae-46ef-8b72-982f6f7c2384" />
      <TestMethod codeBase="G:\マイドライブ\ai_dev_council\output\photo-dedupe-tool\tests\PhotoDedupe.Core.Tests\bin\Debug\net8.0\PhotoDedupe.Core.Tests.dll" adapterTypeName="executor://xunit/VsTestRunner2/netcoreapp" className="PhotoDedupe.Core.Tests.HashServiceTests" name="HammingDistance_CountsDifferingBits" />
    </UnitTest>
    <UnitTest name="PhotoDedupe.Core.Tests.FileOrganizerTests.BuildRelativeFolder_NullDate_ReturnsUnknownDateFolder" storage="g:\マイドライブ\ai_dev_council\output\photo-dedupe-tool\tests\photodedupe.core.tests\bin\debug\net8.0\photodedupe.core.tests.dll" id="f6d0fa7f-58c9-6259-d42e-82e8bd8832dc">
      <Execution id="05725666-f43d-4617-afd3-beceb7bb8a0c" />
      <TestMethod codeBase="G:\マイドライブ\ai_dev_council\output\photo-dedupe-tool\tests\PhotoDedupe.Core.Tests\bin\Debug\net8.0\PhotoDedupe.Core.Tests.dll" adapterTypeName="executor://xunit/VsTestRunner2/netcoreapp" className="PhotoDedupe.Core.Tests.FileOrganizerTests" name="BuildRelativeFolder_NullDate_ReturnsUnknownDateFolder" />
    </UnitTest>
    <UnitTest name="PhotoDedupe.Core.Tests.HashServiceTests.IsImageFile_ClassifiesByExtension(fileName: &quot;photo.JPEG&quot;, expected: True)" storage="g:\マイドライブ\ai_dev_council\output\photo-dedupe-tool\tests\photodedupe.core.tests\bin\debug\net8.0\photodedupe.core.tests.dll" id="8d058eff-a115-b86e-64bf-4b2e060b28e4">
      <Execution id="9e8cced5-9bbd-4979-89da-713a6d6cebf0" />
      <TestMethod codeBase="G:\マイドライブ\ai_dev_council\output\photo-dedupe-tool\tests\PhotoDedupe.Core.Tests\bin\Debug\net8.0\PhotoDedupe.Core.Tests.dll" adapterTypeName="executor://xunit/VsTestRunner2/netcoreapp" className="PhotoDedupe.Core.Tests.HashServiceTests" name="IsImageFile_ClassifiesByExtension" />
    </UnitTest>
    <UnitTest name="PhotoDedupe.Core.Tests.HashServiceTests.IsVideoFile_ClassifiesByExtension(fileName: &quot;video.mp4&quot;, expected: True)" storage="g:\マイドライブ\ai_dev_council\output\photo-dedupe-tool\tests\photodedupe.core.tests\bin\debug\net8.0\photodedupe.core.tests.dll" id="1c78b2d0-e278-5f81-569d-5130cea53c4d">
      <Execution id="117ab099-27e4-4f69-8745-0831a2190d22" />
      <TestMethod codeBase="G:\マイドライブ\ai_dev_council\output\photo-dedupe-tool\tests\PhotoDedupe.Core.Tests\bin\Debug\net8.0\PhotoDedupe.Core.Tests.dll" adapterTypeName="executor://xunit/VsTestRunner2/netcoreapp" className="PhotoDedupe.Core.Tests.HashServiceTests" name="IsVideoFile_ClassifiesByExtension" />
    </UnitTest>
    <UnitTest name="PhotoDedupe.Core.Tests.FileOrganizerTests.Organize_CopiesFileIntoYearMonthFolder_BasedOnResolvedDate" storage="g:\マイドライブ\ai_dev_council\output\photo-dedupe-tool\tests\photodedupe.core.tests\bin\debug\net8.0\photodedupe.core.tests.dll" id="286b2454-8c58-82d6-a5b8-c929a02aa8dc">
      <Execution id="e4995fe7-86ba-4a62-9f16-ecfda78f6ff6" />
      <TestMethod codeBase="G:\マイドライブ\ai_dev_council\output\photo-dedupe-tool\tests\PhotoDedupe.Core.Tests\bin\Debug\net8.0\PhotoDedupe.Core.Tests.dll" adapterTypeName="executor://xunit/VsTestRunner2/netcoreapp" className="PhotoDedupe.Core.Tests.FileOrganizerTests" name="Organize_CopiesFileIntoYearMonthFolder_BasedOnResolvedDate" />
    </UnitTest>
    <UnitTest name="PhotoDedupe.Core.Tests.ExifDateResolverTests.ResolveExifDate_ReadsDateTimeOriginal_FromJpeg" storage="g:\マイドライブ\ai_dev_council\output\photo-dedupe-tool\tests\photodedupe.core.tests\bin\debug\net8.0\photodedupe.core.tests.dll" id="a06681df-c715-c437-9e89-c9f945d3f87a">
      <Execution id="87b7ef30-5230-4611-97c1-43da82832204" />
      <TestMethod codeBase="G:\マイドライブ\ai_dev_council\output\photo-dedupe-tool\tests\PhotoDedupe.Core.Tests\bin\Debug\net8.0\PhotoDedupe.Core.Tests.dll" adapterTypeName="executor://xunit/VsTestRunner2/netcoreapp" className="PhotoDedupe.Core.Tests.ExifDateResolverTests" name="ResolveExifDate_ReadsDateTimeOriginal_FromJpeg" />
    </UnitTest>
  </TestDefinitions>
  <TestEntries>
    <TestEntry testId="3bebfa7b-5bf6-de6c-89e5-acc09f2d326a" executionId="20c6bd6b-80f1-439d-8861-3bb13d2e5da0" testListId="8c84fa94-04c1-424b-9868-57a2d4851a1d" />
    <TestEntry testId="1c78b2d0-e278-5f81-569d-5130cea53c4d" executionId="117ab099-27e4-4f69-8745-0831a2190d22" testListId="8c84fa94-04c1-424b-9868-57a2d4851a1d" />
    <TestEntry testId="286b2454-8c58-82d6-a5b8-c929a02aa8dc" executionId="e4995fe7-86ba-4a62-9f16-ecfda78f6ff6" testListId="8c84fa94-04c1-424b-9868-57a2d4851a1d" />
    <TestEntry testId="243cbfdc-83e2-50b7-0155-023d0c33520d" executionId="90cfe93a-cd2d-4518-8630-5bda53ebb576" testListId="8c84fa94-04c1-424b-9868-57a2d4851a1d" />
    <TestEntry testId="b2cec941-1df4-530b-6349-04ece271a939" executionId="aec1d90f-5138-4117-a7db-e98b0c458314" testListId="8c84fa94-04c1-424b-9868-57a2d4851a1d" />
    <TestEntry testId="d136e4c8-8e30-6acd-22cb-5e050516884b" executionId="196f29de-356d-4e67-881b-92a6513c8ebb" testListId="8c84fa94-04c1-424b-9868-57a2d4851a1d" />
    <TestEntry testId="85bef114-d68e-2840-0890-114814baa4ca" executionId="dbb7faa1-df80-4ddd-8993-4b421de5e974" testListId="8c84fa94-04c1-424b-9868-57a2d4851a1d" />
    <TestEntry testId="d29ecc0b-b7a0-3d1c-cf5f-4939032d7f0c" executionId="bcd71b7d-94a2-4a33-a850-68c051b61724" testListId="8c84fa94-04c1-424b-9868-57a2d4851a1d" />
    <TestEntry testId="9d3082fc-da68-e859-5d66-bcf54f794303" executionId="728f4b31-81c7-4340-a6c3-9676a10b31fe" testListId="8c84fa94-04c1-424b-9868-57a2d4851a1d" />
    <TestEntry testId="11831056-a3a7-5e1f-7674-a1c2f42c0569" executionId="d88d5d31-eb76-47bf-ac42-ece30b488853" testListId="8c84fa94-04c1-424b-9868-57a2d4851a1d" />
    <TestEntry testId="b1ca734c-5596-0796-e252-f3ac0ded21b6" executionId="4bc6f96c-f0ea-48b8-94c7-7de57db13b23" testListId="8c84fa94-04c1-424b-9868-57a2d4851a1d" />
    <TestEntry testId="6e1d3105-c791-b65c-22b7-08c602540e32" executionId="6fc27fe7-a4fe-4d56-a5c9-e51545588c31" testListId="8c84fa94-04c1-424b-9868-57a2d4851a1d" />
    <TestEntry testId="19a2d9a4-f140-ea15-1b71-9ac8e2d3d08c" executionId="0a0c53a9-5548-4f61-8df2-63933a732987" testListId="8c84fa94-04c1-424b-9868-57a2d4851a1d" />
    <TestEntry testId="f69a39db-7c6d-56b5-7544-18322dbc912b" executionId="15e46b4c-1a46-48a8-9ad7-da8515b8426d" testListId="8c84fa94-04c1-424b-9868-57a2d4851a1d" />
    <TestEntry testId="ca38a456-e64e-01e5-3e75-db24d6343534" executionId="09d980e5-e35f-471a-985b-84f59a662d12" testListId="8c84fa94-04c1-424b-9868-57a2d4851a1d" />
    <TestEntry testId="7fef89da-1e9e-6354-ba7a-ce5fcde7e219" executionId="80789361-aab2-4d79-9b43-41fc0a37626d" testListId="8c84fa94-04c1-424b-9868-57a2d4851a1d" />
    <TestEntry testId="2713afff-28df-ed21-ae28-b5d275cbf285" executionId="e8b8a5db-8e9f-4573-9988-4c50856b0d5b" testListId="8c84fa94-04c1-424b-9868-57a2d4851a1d" />
    <TestEntry testId="d4791f97-27a8-3afb-76ae-17763c4ed70c" executionId="682eaa10-f4f8-4147-92f3-882568ded304" testListId="8c84fa94-04c1-424b-9868-57a2d4851a1d" />
    <TestEntry testId="a9efaa87-45f1-6c81-4e35-32f5e156f8b8" executionId="688082c3-0549-4c4e-9db6-37b91e315dd5" testListId="8c84fa94-04c1-424b-9868-57a2d4851a1d" />
    <TestEntry testId="b9c7fc8a-20ea-9a7f-6762-8fc33f2483f9" executionId="5f0e7265-4ea1-41ec-b7ce-13fb76e4a299" testListId="8c84fa94-04c1-424b-9868-57a2d4851a1d" />
    <TestEntry testId="0772951a-cb01-8b5c-7456-f7199a19f0d0" executionId="55bc8256-6ed5-4fe4-90ab-4be7ec2a00e9" testListId="8c84fa94-04c1-424b-9868-57a2d4851a1d" />
    <TestEntry testId="a06681df-c715-c437-9e89-c9f945d3f87a" executionId="87b7ef30-5230-4611-97c1-43da82832204" testListId="8c84fa94-04c1-424b-9868-57a2d4851a1d" />
    <TestEntry testId="009eaa1d-59c9-5b0a-ba26-cb9380b02fc2" executionId="a1981f7b-47d6-41fc-823e-f53e470e5de2" testListId="8c84fa94-04c1-424b-9868-57a2d4851a1d" />
    <TestEntry testId="5ed25273-4e11-f57c-8d15-941d6293dda3" executionId="3f8cb4b8-546d-4d92-b86b-71c7a4751d30" testListId="8c84fa94-04c1-424b-9868-57a2d4851a1d" />
    <TestEntry testId="ee7187e3-ee75-ed4d-c15e-ffc2409ee5c5" executionId="cc497797-e8d1-4347-b217-09890c366d00" testListId="8c84fa94-04c1-424b-9868-57a2d4851a1d" />
    <TestEntry testId="8df0be92-4bb2-4377-5231-deb95b0761fd" executionId="fc94ecb8-7275-4c5a-8e95-abe6ab6a1d5f" testListId="8c84fa94-04c1-424b-9868-57a2d4851a1d" />
    <TestEntry testId="43f3b882-5e74-965c-c4e7-d0703e96bfe6" executionId="05863af1-4eff-4b52-84c5-88c2c248d816" testListId="8c84fa94-04c1-424b-9868-57a2d4851a1d" />
    <TestEntry testId="548e372e-88de-fa40-0a67-7912817f8209" executionId="13335576-0631-4ada-b946-e971d1f3357e" testListId="8c84fa94-04c1-424b-9868-57a2d4851a1d" />
    <TestEntry testId="cd8e05e5-864f-7d1d-6cb4-f7ef4d727cc8" executionId="d67a6144-cb11-4965-9ff6-981ec4531d4d" testListId="8c84fa94-04c1-424b-9868-57a2d4851a1d" />
    <TestEntry testId="0b4b246e-8204-a2b4-e01b-75e08c133470" executionId="b3c7a686-705e-45c3-b724-e34db70ee667" testListId="8c84fa94-04c1-424b-9868-57a2d4851a1d" />
    <TestEntry testId="8d058eff-a115-b86e-64bf-4b2e060b28e4" executionId="9e8cced5-9bbd-4979-89da-713a6d6cebf0" testListId="8c84fa94-04c1-424b-9868-57a2d4851a1d" />
    <TestEntry testId="8f784482-f814-8156-504c-def006ac75b4" executionId="5d68a7f8-0d36-49af-bc1d-28bebda020cd" testListId="8c84fa94-04c1-424b-9868-57a2d4851a1d" />
    <TestEntry testId="5e3ec66e-b713-034c-510a-fc2b0fc8a34e" executionId="24169563-d3b8-4c0e-a705-b8d928f2ab30" testListId="8c84fa94-04c1-424b-9868-57a2d4851a1d" />
    <TestEntry testId="5e19aaf9-9a3e-1553-1992-40275114a226" executionId="45cf193b-c385-42a6-8859-2ca20cdb52e9" testListId="8c84fa94-04c1-424b-9868-57a2d4851a1d" />
    <TestEntry testId="e2138207-6f33-eeb4-b391-d1198a6e232f" executionId="f2010202-2097-4d2e-be21-229907dacb21" testListId="8c84fa94-04c1-424b-9868-57a2d4851a1d" />
    <TestEntry testId="179c30b6-754d-d193-bc32-e3abc3a3b485" executionId="d48068e2-7933-4b78-a311-4fc7d4508d13" testListId="8c84fa94-04c1-424b-9868-57a2d4851a1d" />
    <TestEntry testId="1ebcc1de-a084-2796-84e2-10f9be3a29fb" executionId="18594093-3c3b-4b34-94f5-599c6537c001" testListId="8c84fa94-04c1-424b-9868-57a2d4851a1d" />
    <TestEntry testId="61b6cbc2-266d-e7eb-144a-bfa2579517a7" executionId="8e4dfd65-7380-47d9-b2a8-be26adf99507" testListId="8c84fa94-04c1-424b-9868-57a2d4851a1d" />
    <TestEntry testId="aaf790a7-1009-8235-8d91-e970b4ee5264" executionId="0780d5ad-99ae-46ef-8b72-982f6f7c2384" testListId="8c84fa94-04c1-424b-9868-57a2d4851a1d" />
    <TestEntry testId="f0390943-4d79-ed54-3a66-28a5c872eeed" executionId="3b3cdbc0-b32e-4080-b792-eae6a7f7f7ed" testListId="8c84fa94-04c1-424b-9868-57a2d4851a1d" />
    <TestEntry testId="75b5a572-c723-79d7-394e-0613e0ec2b66" executionId="6a24ebde-f4e7-4e22-8fa4-c453652c334b" testListId="8c84fa94-04c1-424b-9868-57a2d4851a1d" />
    <TestEntry testId="eeaea3f6-4ba4-d3ed-968f-e18817a436d8" executionId="2493d0a3-b15e-4593-8d39-c7e9706eeb50" testListId="8c84fa94-04c1-424b-9868-57a2d4851a1d" />
    <TestEntry testId="48c54c94-a2df-1b09-e320-96f7f50867ac" executionId="fe9f1bb2-d628-479e-869e-8c5fbacd974b" testListId="8c84fa94-04c1-424b-9868-57a2d4851a1d" />
    <TestEntry testId="bf04358d-07c8-00d0-8847-8f6e8a52e76f" executionId="0c456bea-6960-4074-be5b-2484d2ec2c23" testListId="8c84fa94-04c1-424b-9868-57a2d4851a1d" />
    <TestEntry testId="7a7d6457-2fe7-da43-b5b5-97cd83b54ad4" executionId="786ca07b-fcf6-44f2-bc26-24550083f82c" testListId="8c84fa94-04c1-424b-9868-57a2d4851a1d" />
    <TestEntry testId="d0ffc79f-17a9-5822-c55e-445defc742c1" executionId="f096b720-9ff1-4732-85d9-80fa19c1caf4" testListId="8c84fa94-04c1-424b-9868-57a2d4851a1d" />
    <TestEntry testId="c69ab4fb-700f-e41e-bbb2-d5de3e634a46" executionId="de311fba-e98c-4931-bbae-5d68adcb023a" testListId="8c84fa94-04c1-424b-9868-57a2d4851a1d" />
    <TestEntry testId="1c7cf78b-3ac9-fc2e-f6b0-ebd808bfba41" executionId="40e4117b-f7c4-4978-a0fd-cb876958a6ef" testListId="8c84fa94-04c1-424b-9868-57a2d4851a1d" />
    <TestEntry testId="f6d0fa7f-58c9-6259-d42e-82e8bd8832dc" executionId="05725666-f43d-4617-afd3-beceb7bb8a0c" testListId="8c84fa94-04c1-424b-9868-57a2d4851a1d" />
    <TestEntry testId="09e4f89a-4b1a-e5d6-9a81-59f6a011ddae" executionId="76ead9db-88b5-4e56-9943-e537b78e9d54" testListId="8c84fa94-04c1-424b-9868-57a2d4851a1d" />
    <TestEntry testId="91e55b31-9469-10ee-3a65-57c23dce110b" executionId="5a189567-9bb5-4858-8156-edd7e2edad57" testListId="8c84fa94-04c1-424b-9868-57a2d4851a1d" />
    <TestEntry testId="d2b5c857-1d9c-61fb-654a-933382c30c48" executionId="6f706ad7-05a7-46e0-8f83-2dcd1ff244be" testListId="8c84fa94-04c1-424b-9868-57a2d4851a1d" />
    <TestEntry testId="d98be2c1-9c2b-77dd-172a-bb0d274cb2aa" executionId="80dc64f2-451e-4ee2-9b4d-7a5eaaad3c29" testListId="8c84fa94-04c1-424b-9868-57a2d4851a1d" />
    <TestEntry testId="01c97329-91dd-b0f7-eb5d-3746017d32d0" executionId="a23e7396-2c0e-431c-90e4-711b5c79bbfa" testListId="8c84fa94-04c1-424b-9868-57a2d4851a1d" />
  </TestEntries>
  <TestLists>
    <TestList name="Results Not in a List" id="8c84fa94-04c1-424b-9868-57a2d4851a1d" />
    <TestList name="All Loaded Results" id="19431567-8539-422a-85d7-44ee4e166bda" />
  </TestLists>
  <ResultSummary outcome="Completed">
    <Counters total="54" executed="54" passed="54" failed="0" error="0" timeout="0" aborted="0" inconclusive="0" passedButRunAborted="0" notRunnable="0" notExecuted="0" disconnected="0" warning="0" completed="0" inProgress="0" pending="0" />
    <Output>
      <StdOut>[xUnit.net 00:00:00.00] xUnit.net VSTest Adapter v2.5.3.1+6b60a9e56a (64-bit .NET 8.0.28)&#xD;
[xUnit.net 00:00:00.18]   Discovering: PhotoDedupe.Core.Tests&#xD;
[xUnit.net 00:00:00.25]   Discovered:  PhotoDedupe.Core.Tests&#xD;
[xUnit.net 00:00:00.25]   Starting:    PhotoDedupe.Core.Tests&#xD;
[xUnit.net 00:00:00.91]   Finished:    PhotoDedupe.Core.Tests&#xD;
</StdOut>
    </Output>
  </ResultSummary>
</TestRun>